2018-02-04 02:29:54 DEBUG Test:11 - hoo
2018-02-04 02:29:54 INFO  Vehicle:17 - Initializing the vehicle
2018-02-04 02:29:54 INFO  Vehicle:17 - Vector{startPoint=Point{x=1, y=-1}, endPoint=Point{x=1, y=-1}}
2018-02-04 02:29:55 INFO  Vehicle:17 - Vector{startPoint=Point{x=2, y=-2}, endPoint=Point{x=2, y=-2}}
2018-02-04 02:29:56 INFO  Vehicle:17 - Vector{startPoint=Point{x=3, y=-3}, endPoint=Point{x=3, y=-3}}
2018-02-04 02:29:57 INFO  Vehicle:17 - Vector{startPoint=Point{x=4, y=-4}, endPoint=Point{x=4, y=-4}}
2018-02-04 02:29:58 INFO  Vehicle:17 - Vector{startPoint=Point{x=5, y=-5}, endPoint=Point{x=5, y=-5}}
2018-02-04 02:29:59 INFO  Vehicle:17 - Vector{startPoint=Point{x=6, y=-6}, endPoint=Point{x=6, y=-6}}
2018-02-04 02:30:00 INFO  Vehicle:17 - Vector{startPoint=Point{x=7, y=-7}, endPoint=Point{x=7, y=-7}}
2018-02-04 02:30:01 INFO  Vehicle:17 - Vector{startPoint=Point{x=8, y=-8}, endPoint=Point{x=8, y=-8}}
2018-02-04 02:30:02 INFO  Vehicle:17 - Vector{startPoint=Point{x=9, y=-9}, endPoint=Point{x=9, y=-9}}
2018-02-04 02:30:03 INFO  Vehicle:17 - Vector{startPoint=Point{x=10, y=-10}, endPoint=Point{x=10, y=-10}}
2018-02-04 02:30:04 INFO  Vehicle:17 - Vector{startPoint=Point{x=11, y=-11}, endPoint=Point{x=11, y=-11}}
2018-02-04 02:30:05 INFO  Vehicle:17 - Vector{startPoint=Point{x=12, y=-12}, endPoint=Point{x=12, y=-12}}
2018-02-04 02:30:06 INFO  Vehicle:17 - Vector{startPoint=Point{x=13, y=-13}, endPoint=Point{x=13, y=-13}}
2018-02-04 02:30:07 INFO  Vehicle:17 - Vector{startPoint=Point{x=14, y=-14}, endPoint=Point{x=14, y=-14}}
2018-02-04 02:30:08 INFO  Vehicle:17 - Vector{startPoint=Point{x=15, y=-15}, endPoint=Point{x=15, y=-15}}
2018-02-04 02:30:09 INFO  Vehicle:17 - Vector{startPoint=Point{x=16, y=-16}, endPoint=Point{x=16, y=-16}}
2018-02-04 02:30:10 INFO  Vehicle:17 - Vector{startPoint=Point{x=17, y=-17}, endPoint=Point{x=17, y=-17}}
2018-02-04 02:30:11 INFO  Vehicle:17 - Vector{startPoint=Point{x=18, y=-18}, endPoint=Point{x=18, y=-18}}
2018-02-04 02:30:12 INFO  Vehicle:17 - Vector{startPoint=Point{x=19, y=-19}, endPoint=Point{x=19, y=-19}}
2018-02-04 02:30:13 INFO  Vehicle:17 - Vector{startPoint=Point{x=20, y=-20}, endPoint=Point{x=20, y=-20}}
2018-02-04 02:30:14 INFO  Vehicle:17 - Vector{startPoint=Point{x=21, y=-21}, endPoint=Point{x=21, y=-21}}
2018-02-04 02:30:15 INFO  Vehicle:17 - Vector{startPoint=Point{x=22, y=-22}, endPoint=Point{x=22, y=-22}}
2018-02-04 02:30:16 INFO  Vehicle:17 - Vector{startPoint=Point{x=23, y=-23}, endPoint=Point{x=23, y=-23}}
2018-02-04 02:30:17 INFO  Vehicle:17 - Vector{startPoint=Point{x=24, y=-24}, endPoint=Point{x=24, y=-24}}
2018-02-04 02:30:18 INFO  Vehicle:17 - Vector{startPoint=Point{x=25, y=-25}, endPoint=Point{x=25, y=-25}}
2018-02-04 02:30:19 INFO  Vehicle:17 - Vector{startPoint=Point{x=26, y=-26}, endPoint=Point{x=26, y=-26}}
2018-02-04 02:30:20 INFO  Vehicle:17 - Vector{startPoint=Point{x=27, y=-27}, endPoint=Point{x=27, y=-27}}
2018-02-04 02:30:21 INFO  Vehicle:17 - Vector{startPoint=Point{x=28, y=-28}, endPoint=Point{x=28, y=-28}}
2018-02-04 02:30:22 INFO  Vehicle:17 - Vector{startPoint=Point{x=29, y=-29}, endPoint=Point{x=29, y=-29}}
2018-02-04 02:30:23 INFO  Vehicle:17 - Vector{startPoint=Point{x=30, y=-30}, endPoint=Point{x=30, y=-30}}
2018-02-04 02:30:24 INFO  Vehicle:17 - Vector{startPoint=Point{x=31, y=-31}, endPoint=Point{x=31, y=-31}}
2018-02-04 02:32:57 DEBUG Test:11 - hoo
2018-02-04 02:32:57 INFO  Vehicle:17 - Initializing the vehicle
2018-02-04 02:32:57 INFO  Vehicle:17 - Vector{startPoint=Point{x=1, y=0}, endPoint=Point{x=1, y=0}}
2018-02-04 02:32:58 INFO  Vehicle:17 - Vector{startPoint=Point{x=2, y=0}, endPoint=Point{x=2, y=0}}
2018-02-04 02:32:59 INFO  Vehicle:17 - Vector{startPoint=Point{x=3, y=0}, endPoint=Point{x=3, y=0}}
2018-02-04 02:33:00 INFO  Vehicle:17 - Vector{startPoint=Point{x=4, y=0}, endPoint=Point{x=4, y=0}}
2018-02-04 02:33:01 INFO  Vehicle:17 - Vector{startPoint=Point{x=5, y=0}, endPoint=Point{x=5, y=0}}
2018-02-04 02:33:02 INFO  Vehicle:17 - Vector{startPoint=Point{x=6, y=0}, endPoint=Point{x=6, y=0}}
2018-02-04 02:33:03 INFO  Vehicle:17 - Vector{startPoint=Point{x=7, y=0}, endPoint=Point{x=7, y=0}}
2018-02-04 02:33:04 INFO  Vehicle:17 - Vector{startPoint=Point{x=8, y=0}, endPoint=Point{x=8, y=0}}
2018-02-04 02:33:05 INFO  Vehicle:17 - Vector{startPoint=Point{x=9, y=0}, endPoint=Point{x=9, y=0}}
2018-02-04 02:39:59 DEBUG Test:11 - hoo
2018-02-04 02:39:59 INFO  Vehicle:17 - Initializing the vehicle
2018-02-04 02:39:59 INFO  Vehicle:17 - Vector{startPoint=Point{x=0, y=0}, endPoint=Point{x=1, y=0}}
2018-02-04 02:40:00 INFO  Vehicle:17 - Vector{startPoint=Point{x=0, y=0}, endPoint=Point{x=2, y=0}}
2018-02-04 02:40:01 INFO  Vehicle:17 - Vector{startPoint=Point{x=0, y=0}, endPoint=Point{x=3, y=0}}
2018-02-04 02:40:02 INFO  Vehicle:17 - Vector{startPoint=Point{x=0, y=0}, endPoint=Point{x=4, y=0}}
2018-02-04 02:40:03 INFO  Vehicle:17 - Vector{startPoint=Point{x=0, y=0}, endPoint=Point{x=5, y=0}}
2018-02-04 02:40:04 INFO  Vehicle:17 - Vector{startPoint=Point{x=0, y=0}, endPoint=Point{x=6, y=0}}
2018-02-04 02:40:05 INFO  Vehicle:17 - Vector{startPoint=Point{x=0, y=0}, endPoint=Point{x=7, y=0}}
2018-02-04 02:40:06 INFO  Vehicle:17 - Vector{startPoint=Point{x=0, y=0}, endPoint=Point{x=8, y=0}}
2018-02-04 02:40:07 INFO  Vehicle:17 - Vector{startPoint=Point{x=0, y=0}, endPoint=Point{x=9, y=0}}
2018-02-04 22:53:29 INFO  Test:17 - added 0
2018-02-04 22:53:29 INFO  Test:17 - added 1
2018-02-04 22:53:29 INFO  Test:17 - added 2
2018-02-04 22:53:29 INFO  Test:17 - added 3
2018-02-04 22:53:29 INFO  Test:17 - added 4
2018-02-04 22:53:29 INFO  Test:17 - added 5
2018-02-04 22:53:29 INFO  Test:17 - added 6
2018-02-04 22:53:29 INFO  Test:17 - added 7
2018-02-04 22:53:29 INFO  Test:17 - added 8
2018-02-04 22:53:29 INFO  Test:17 - added 9
2018-02-04 22:53:29 INFO  Test:17 - removed 0
2018-02-04 22:53:29 INFO  Test:17 - removed 1
2018-02-04 22:53:29 INFO  Test:17 - removed 2
2018-02-04 22:53:29 INFO  Test:17 - removed 3
2018-02-04 22:53:29 INFO  Test:17 - removed 4
2018-02-04 22:53:29 INFO  Test:17 - removed 5
2018-02-04 22:53:29 INFO  Test:17 - removed 6
2018-02-04 22:53:29 INFO  Test:17 - removed 7
2018-02-04 22:53:29 INFO  Test:17 - removed 8
2018-02-04 22:53:29 INFO  Test:17 - removed 9
2018-02-04 22:53:30 INFO  Test:17 - added 0
2018-02-04 22:53:30 INFO  Test:17 - added 1
2018-02-04 22:53:30 INFO  Test:17 - added 2
2018-02-04 22:53:30 INFO  Test:17 - added 3
2018-02-04 22:53:30 INFO  Test:17 - added 4
2018-02-04 22:53:30 INFO  Test:17 - added 5
2018-02-04 22:53:30 INFO  Test:17 - added 6
2018-02-04 22:53:30 INFO  Test:17 - added 7
2018-02-04 22:53:30 INFO  Test:17 - added 8
2018-02-04 22:53:30 INFO  Test:17 - added 9
2018-02-04 22:53:30 INFO  Test:17 - removed 0
2018-02-04 22:53:30 INFO  Test:17 - removed 1
2018-02-04 22:53:30 INFO  Test:17 - removed 2
2018-02-04 22:53:30 INFO  Test:17 - removed 3
2018-02-04 22:53:30 INFO  Test:17 - removed 4
2018-02-04 22:53:30 INFO  Test:17 - removed 5
2018-02-04 22:53:30 INFO  Test:17 - removed 6
2018-02-04 22:53:30 INFO  Test:17 - removed 7
2018-02-04 22:53:30 INFO  Test:17 - removed 8
2018-02-04 22:53:30 INFO  Test:17 - removed 9
2018-02-04 22:53:31 INFO  Test:17 - added 0
2018-02-04 22:53:31 INFO  Test:17 - added 1
2018-02-04 22:53:31 INFO  Test:17 - added 2
2018-02-04 22:53:31 INFO  Test:17 - added 3
2018-02-04 22:53:31 INFO  Test:17 - added 4
2018-02-04 22:53:31 INFO  Test:17 - added 5
2018-02-04 22:53:31 INFO  Test:17 - added 6
2018-02-04 22:53:31 INFO  Test:17 - added 7
2018-02-04 22:53:31 INFO  Test:17 - added 8
2018-02-04 22:53:31 INFO  Test:17 - added 9
2018-02-04 22:53:31 INFO  Test:17 - removed 0
2018-02-04 22:53:31 INFO  Test:17 - removed 1
2018-02-04 22:53:31 INFO  Test:17 - removed 2
2018-02-04 22:53:31 INFO  Test:17 - removed 3
2018-02-04 22:53:31 INFO  Test:17 - removed 4
2018-02-04 22:53:31 INFO  Test:17 - removed 5
2018-02-04 22:53:31 INFO  Test:17 - removed 6
2018-02-04 22:53:31 INFO  Test:17 - removed 7
2018-02-04 22:53:31 INFO  Test:17 - removed 8
2018-02-04 22:53:31 INFO  Test:17 - removed 9
2018-02-04 22:53:32 INFO  Test:17 - added 0
2018-02-04 22:53:32 INFO  Test:17 - added 1
2018-02-04 22:53:32 INFO  Test:17 - added 2
2018-02-04 22:53:32 INFO  Test:17 - added 3
2018-02-04 22:53:32 INFO  Test:17 - added 4
2018-02-04 22:53:32 INFO  Test:17 - added 5
2018-02-04 22:53:32 INFO  Test:17 - added 6
2018-02-04 22:53:32 INFO  Test:17 - added 7
2018-02-04 22:53:32 INFO  Test:17 - added 8
2018-02-04 22:53:32 INFO  Test:17 - added 9
2018-02-04 22:53:32 INFO  Test:17 - removed 0
2018-02-04 22:53:32 INFO  Test:17 - removed 1
2018-02-04 22:53:32 INFO  Test:17 - removed 2
2018-02-04 22:53:32 INFO  Test:17 - removed 3
2018-02-04 22:53:32 INFO  Test:17 - removed 4
2018-02-04 22:53:32 INFO  Test:17 - removed 5
2018-02-04 22:53:32 INFO  Test:17 - removed 6
2018-02-04 22:53:32 INFO  Test:17 - removed 7
2018-02-04 22:53:32 INFO  Test:17 - removed 8
2018-02-04 22:53:32 INFO  Test:17 - removed 9
2018-02-04 22:53:33 INFO  Test:17 - added 0
2018-02-04 22:53:33 INFO  Test:17 - added 1
2018-02-04 22:53:33 INFO  Test:17 - added 2
2018-02-04 22:53:33 INFO  Test:17 - added 3
2018-02-04 22:53:33 INFO  Test:17 - added 4
2018-02-04 22:53:33 INFO  Test:17 - added 5
2018-02-04 22:53:33 INFO  Test:17 - added 6
2018-02-04 22:53:33 INFO  Test:17 - added 7
2018-02-04 22:53:33 INFO  Test:17 - added 8
2018-02-04 22:53:33 INFO  Test:17 - added 9
2018-02-04 22:53:33 INFO  Test:17 - removed 0
2018-02-04 22:53:33 INFO  Test:17 - removed 1
2018-02-04 22:53:33 INFO  Test:17 - removed 2
2018-02-04 22:53:33 INFO  Test:17 - removed 3
2018-02-04 22:53:33 INFO  Test:17 - removed 4
2018-02-04 22:53:33 INFO  Test:17 - removed 5
2018-02-04 22:53:33 INFO  Test:17 - removed 6
2018-02-04 22:53:33 INFO  Test:17 - removed 7
2018-02-04 22:53:33 INFO  Test:17 - removed 8
2018-02-04 22:53:33 INFO  Test:17 - removed 9
2018-02-04 22:53:34 INFO  Test:17 - added 0
2018-02-04 22:53:34 INFO  Test:17 - added 1
2018-02-04 22:53:34 INFO  Test:17 - added 2
2018-02-04 22:53:34 INFO  Test:17 - added 3
2018-02-04 22:53:34 INFO  Test:17 - added 4
2018-02-04 22:53:34 INFO  Test:17 - added 5
2018-02-04 22:53:34 INFO  Test:17 - added 6
2018-02-04 22:53:34 INFO  Test:17 - added 7
2018-02-04 22:53:34 INFO  Test:17 - added 8
2018-02-04 22:53:34 INFO  Test:17 - added 9
2018-02-04 22:53:34 INFO  Test:17 - removed 0
2018-02-04 22:53:34 INFO  Test:17 - removed 1
2018-02-04 22:53:34 INFO  Test:17 - removed 2
2018-02-04 22:53:34 INFO  Test:17 - removed 3
2018-02-04 22:53:34 INFO  Test:17 - removed 4
2018-02-04 22:53:34 INFO  Test:17 - removed 5
2018-02-04 22:53:34 INFO  Test:17 - removed 6
2018-02-04 22:53:34 INFO  Test:17 - removed 7
2018-02-04 22:53:34 INFO  Test:17 - removed 8
2018-02-04 22:53:34 INFO  Test:17 - removed 9
2018-02-04 22:53:35 INFO  Test:17 - added 0
2018-02-04 22:53:35 INFO  Test:17 - added 1
2018-02-04 22:53:35 INFO  Test:17 - added 2
2018-02-04 22:53:35 INFO  Test:17 - added 3
2018-02-04 22:53:35 INFO  Test:17 - added 4
2018-02-04 22:53:35 INFO  Test:17 - added 5
2018-02-04 22:53:35 INFO  Test:17 - added 6
2018-02-04 22:53:35 INFO  Test:17 - added 7
2018-02-04 22:53:35 INFO  Test:17 - added 8
2018-02-04 22:53:35 INFO  Test:17 - added 9
2018-02-04 22:53:35 INFO  Test:17 - removed 0
2018-02-04 22:53:36 INFO  Test:17 - removed 1
2018-02-04 22:53:36 INFO  Test:17 - removed 2
2018-02-04 22:53:36 INFO  Test:17 - removed 3
2018-02-04 22:53:36 INFO  Test:17 - removed 4
2018-02-04 22:53:36 INFO  Test:17 - removed 5
2018-02-04 22:53:36 INFO  Test:17 - removed 6
2018-02-04 22:53:36 INFO  Test:17 - removed 7
2018-02-04 22:53:36 INFO  Test:17 - removed 8
2018-02-04 22:53:36 INFO  Test:17 - removed 9
2018-02-04 22:53:36 INFO  Test:17 - added 0
2018-02-04 22:53:36 INFO  Test:17 - added 1
2018-02-04 22:53:36 INFO  Test:17 - added 2
2018-02-04 22:53:36 INFO  Test:17 - added 3
2018-02-04 22:53:36 INFO  Test:17 - added 4
2018-02-04 22:53:36 INFO  Test:17 - added 5
2018-02-04 22:53:36 INFO  Test:17 - added 6
2018-02-04 22:53:36 INFO  Test:17 - added 7
2018-02-04 22:53:36 INFO  Test:17 - added 8
2018-02-04 22:53:36 INFO  Test:17 - added 9
2018-02-04 22:53:37 INFO  Test:17 - removed 0
2018-02-04 22:53:37 INFO  Test:17 - removed 1
2018-02-04 22:53:37 INFO  Test:17 - removed 2
2018-02-04 22:53:37 INFO  Test:17 - removed 3
2018-02-04 22:53:37 INFO  Test:17 - removed 4
2018-02-04 22:53:37 INFO  Test:17 - removed 5
2018-02-04 22:53:37 INFO  Test:17 - removed 6
2018-02-04 22:53:37 INFO  Test:17 - removed 7
2018-02-04 22:53:37 INFO  Test:17 - removed 8
2018-02-04 22:53:37 INFO  Test:17 - removed 9
2018-02-04 22:53:37 INFO  Test:17 - added 0
2018-02-04 22:53:37 INFO  Test:17 - added 1
2018-02-04 22:53:37 INFO  Test:17 - added 2
2018-02-04 22:53:37 INFO  Test:17 - added 3
2018-02-04 22:53:37 INFO  Test:17 - added 4
2018-02-04 22:53:37 INFO  Test:17 - added 5
2018-02-04 22:53:37 INFO  Test:17 - added 6
2018-02-04 22:53:37 INFO  Test:17 - added 7
2018-02-04 22:53:37 INFO  Test:17 - added 8
2018-02-04 22:53:37 INFO  Test:17 - added 9
2018-02-04 22:53:38 INFO  Test:17 - removed 0
2018-02-04 22:53:38 INFO  Test:17 - removed 1
2018-02-04 22:53:38 INFO  Test:17 - removed 2
2018-02-04 22:53:38 INFO  Test:17 - removed 3
2018-02-04 22:53:38 INFO  Test:17 - removed 4
2018-02-04 22:53:38 INFO  Test:17 - removed 5
2018-02-04 22:53:38 INFO  Test:17 - removed 6
2018-02-04 22:53:38 INFO  Test:17 - removed 7
2018-02-04 22:53:38 INFO  Test:17 - removed 8
2018-02-04 22:53:38 INFO  Test:17 - removed 9
2018-02-04 22:53:38 INFO  Test:17 - added 0
2018-02-04 22:53:38 INFO  Test:17 - added 1
2018-02-04 22:53:38 INFO  Test:17 - added 2
2018-02-04 22:53:38 INFO  Test:17 - added 3
2018-02-04 22:53:38 INFO  Test:17 - added 4
2018-02-04 22:53:38 INFO  Test:17 - added 5
2018-02-04 22:53:38 INFO  Test:17 - added 6
2018-02-04 22:53:38 INFO  Test:17 - added 7
2018-02-04 22:53:38 INFO  Test:17 - added 8
2018-02-04 22:53:38 INFO  Test:17 - added 9
2018-02-04 22:53:39 INFO  Test:17 - removed 0
2018-02-04 22:53:39 INFO  Test:17 - removed 1
2018-02-04 22:53:39 INFO  Test:17 - removed 2
2018-02-04 22:53:39 INFO  Test:17 - removed 3
2018-02-04 22:53:39 INFO  Test:17 - removed 4
2018-02-04 22:53:39 INFO  Test:17 - removed 5
2018-02-04 22:53:39 INFO  Test:17 - removed 6
2018-02-04 22:53:39 INFO  Test:17 - removed 7
2018-02-04 22:53:39 INFO  Test:17 - removed 8
2018-02-04 22:53:39 INFO  Test:17 - removed 9
2018-02-04 22:53:39 INFO  Test:17 - added 0
2018-02-04 22:53:39 INFO  Test:17 - added 1
2018-02-04 22:53:39 INFO  Test:17 - added 2
2018-02-04 22:53:39 INFO  Test:17 - added 3
2018-02-04 22:53:39 INFO  Test:17 - added 4
2018-02-04 22:53:39 INFO  Test:17 - added 5
2018-02-04 22:53:39 INFO  Test:17 - added 6
2018-02-04 22:53:39 INFO  Test:17 - added 7
2018-02-04 22:53:39 INFO  Test:17 - added 8
2018-02-04 22:53:39 INFO  Test:17 - added 9
2018-02-04 22:53:40 INFO  Test:17 - removed 0
2018-02-04 22:53:40 INFO  Test:17 - removed 1
2018-02-04 22:53:40 INFO  Test:17 - removed 2
2018-02-04 22:53:40 INFO  Test:17 - removed 3
2018-02-04 22:53:40 INFO  Test:17 - removed 4
2018-02-04 22:53:40 INFO  Test:17 - removed 5
2018-02-04 22:53:40 INFO  Test:17 - removed 6
2018-02-04 22:53:40 INFO  Test:17 - removed 7
2018-02-04 22:53:40 INFO  Test:17 - removed 8
2018-02-04 22:53:40 INFO  Test:17 - removed 9
2018-02-04 22:53:40 INFO  Test:17 - added 0
2018-02-04 22:53:40 INFO  Test:17 - added 1
2018-02-04 22:53:40 INFO  Test:17 - added 2
2018-02-04 22:53:40 INFO  Test:17 - added 3
2018-02-04 22:53:40 INFO  Test:17 - added 4
2018-02-04 22:53:40 INFO  Test:17 - added 5
2018-02-04 22:53:40 INFO  Test:17 - added 6
2018-02-04 22:53:40 INFO  Test:17 - added 7
2018-02-04 22:53:40 INFO  Test:17 - added 8
2018-02-04 22:53:40 INFO  Test:17 - added 9
2018-02-04 22:53:41 INFO  Test:17 - removed 0
2018-02-04 22:53:41 INFO  Test:17 - removed 1
2018-02-04 22:53:41 INFO  Test:17 - removed 2
2018-02-04 22:53:41 INFO  Test:17 - removed 3
2018-02-04 22:53:41 INFO  Test:17 - removed 4
2018-02-04 22:53:41 INFO  Test:17 - removed 5
2018-02-04 22:53:41 INFO  Test:17 - removed 6
2018-02-04 22:53:41 INFO  Test:17 - removed 7
2018-02-04 22:53:41 INFO  Test:17 - removed 8
2018-02-04 22:53:41 INFO  Test:17 - removed 9
2018-02-04 22:53:41 INFO  Test:17 - added 0
2018-02-04 22:53:41 INFO  Test:17 - added 1
2018-02-04 22:53:41 INFO  Test:17 - added 2
2018-02-04 22:53:41 INFO  Test:17 - added 3
2018-02-04 22:53:41 INFO  Test:17 - added 4
2018-02-04 22:53:41 INFO  Test:17 - added 5
2018-02-04 22:53:41 INFO  Test:17 - added 6
2018-02-04 22:53:41 INFO  Test:17 - added 7
2018-02-04 22:53:41 INFO  Test:17 - added 8
2018-02-04 22:53:41 INFO  Test:17 - added 9
2018-02-04 22:53:42 INFO  Test:17 - removed 0
2018-02-04 22:53:42 INFO  Test:17 - removed 1
2018-02-04 22:53:42 INFO  Test:17 - removed 2
2018-02-04 22:53:42 INFO  Test:17 - removed 3
2018-02-04 22:53:42 INFO  Test:17 - removed 4
2018-02-04 22:53:42 INFO  Test:17 - removed 5
2018-02-04 22:53:42 INFO  Test:17 - removed 6
2018-02-04 22:53:42 INFO  Test:17 - removed 7
2018-02-04 22:53:42 INFO  Test:17 - removed 8
2018-02-04 22:53:42 INFO  Test:17 - removed 9
2018-02-04 22:53:42 INFO  Test:17 - added 0
2018-02-04 22:53:42 INFO  Test:17 - added 1
2018-02-04 22:53:42 INFO  Test:17 - added 2
2018-02-04 22:53:42 INFO  Test:17 - added 3
2018-02-04 22:53:42 INFO  Test:17 - added 4
2018-02-04 22:53:42 INFO  Test:17 - added 5
2018-02-04 22:53:42 INFO  Test:17 - added 6
2018-02-04 22:53:42 INFO  Test:17 - added 7
2018-02-04 22:53:42 INFO  Test:17 - added 8
2018-02-04 22:53:42 INFO  Test:17 - added 9
2018-02-04 22:53:43 INFO  Test:17 - removed 0
2018-02-04 22:53:43 INFO  Test:17 - removed 1
2018-02-04 22:53:43 INFO  Test:17 - removed 2
2018-02-04 22:53:43 INFO  Test:17 - removed 3
2018-02-04 22:53:43 INFO  Test:17 - removed 4
2018-02-04 22:53:43 INFO  Test:17 - removed 5
2018-02-04 22:53:43 INFO  Test:17 - removed 6
2018-02-04 22:53:43 INFO  Test:17 - removed 7
2018-02-04 22:53:43 INFO  Test:17 - removed 8
2018-02-04 22:53:43 INFO  Test:17 - removed 9
2018-02-04 22:53:43 INFO  Test:17 - added 0
2018-02-04 22:53:43 INFO  Test:17 - added 1
2018-02-04 22:53:43 INFO  Test:17 - added 2
2018-02-04 22:53:43 INFO  Test:17 - added 3
2018-02-04 22:53:43 INFO  Test:17 - added 4
2018-02-04 22:53:43 INFO  Test:17 - added 5
2018-02-04 22:53:43 INFO  Test:17 - added 6
2018-02-04 22:53:43 INFO  Test:17 - added 7
2018-02-04 22:53:43 INFO  Test:17 - added 8
2018-02-04 22:53:43 INFO  Test:17 - added 9
2018-02-04 22:53:44 INFO  Test:17 - removed 0
2018-02-04 22:53:44 INFO  Test:17 - removed 1
2018-02-04 22:53:44 INFO  Test:17 - removed 2
2018-02-04 22:53:44 INFO  Test:17 - removed 3
2018-02-04 22:53:44 INFO  Test:17 - removed 4
2018-02-04 22:53:44 INFO  Test:17 - removed 5
2018-02-04 22:53:44 INFO  Test:17 - removed 6
2018-02-04 22:53:44 INFO  Test:17 - removed 7
2018-02-04 22:53:44 INFO  Test:17 - removed 8
2018-02-04 22:53:44 INFO  Test:17 - removed 9
2018-02-04 22:53:44 INFO  Test:17 - added 0
2018-02-04 22:53:44 INFO  Test:17 - added 1
2018-02-04 22:53:44 INFO  Test:17 - added 2
2018-02-04 22:53:44 INFO  Test:17 - added 3
2018-02-04 22:53:44 INFO  Test:17 - added 4
2018-02-04 22:53:44 INFO  Test:17 - added 5
2018-02-04 22:53:44 INFO  Test:17 - added 6
2018-02-04 22:53:44 INFO  Test:17 - added 7
2018-02-04 22:53:44 INFO  Test:17 - added 8
2018-02-04 22:53:44 INFO  Test:17 - added 9
2018-02-04 22:53:45 INFO  Test:17 - removed 0
2018-02-04 22:53:45 INFO  Test:17 - removed 1
2018-02-04 22:53:45 INFO  Test:17 - removed 2
2018-02-04 22:53:45 INFO  Test:17 - removed 3
2018-02-04 22:53:45 INFO  Test:17 - removed 4
2018-02-04 22:53:45 INFO  Test:17 - removed 5
2018-02-04 22:53:45 INFO  Test:17 - removed 6
2018-02-04 22:53:45 INFO  Test:17 - removed 7
2018-02-04 22:53:45 INFO  Test:17 - removed 8
2018-02-04 22:53:45 INFO  Test:17 - removed 9
2018-02-04 22:53:45 INFO  Test:17 - added 0
2018-02-04 22:53:45 INFO  Test:17 - added 1
2018-02-04 22:53:45 INFO  Test:17 - added 2
2018-02-04 22:53:45 INFO  Test:17 - added 3
2018-02-04 22:53:45 INFO  Test:17 - added 4
2018-02-04 22:53:45 INFO  Test:17 - added 5
2018-02-04 22:53:45 INFO  Test:17 - added 6
2018-02-04 22:53:45 INFO  Test:17 - added 7
2018-02-04 22:53:45 INFO  Test:17 - added 8
2018-02-04 22:53:45 INFO  Test:17 - added 9
2018-02-06 23:59:39 INFO  Vehicle:17 - Initializing the vehicle
2018-02-06 23:59:39 INFO  Vehicle:17 - Vector{startPoint=Point{x=0, y=0}, endPoint=Point{x=1, y=0}}
2018-02-06 23:59:40 INFO  Vehicle:17 - Vector{startPoint=Point{x=0, y=0}, endPoint=Point{x=2, y=0}}
2018-02-06 23:59:41 INFO  Vehicle:17 - Vector{startPoint=Point{x=0, y=0}, endPoint=Point{x=3, y=0}}
2018-02-06 23:59:42 INFO  Vehicle:17 - Vector{startPoint=Point{x=0, y=0}, endPoint=Point{x=4, y=0}}
2018-02-06 23:59:43 INFO  Vehicle:17 - Vector{startPoint=Point{x=0, y=0}, endPoint=Point{x=5, y=0}}
2018-02-06 23:59:44 INFO  Vehicle:17 - Vector{startPoint=Point{x=0, y=0}, endPoint=Point{x=6, y=0}}
2018-02-06 23:59:45 INFO  Vehicle:17 - Vector{startPoint=Point{x=0, y=0}, endPoint=Point{x=7, y=0}}
2018-02-06 23:59:46 INFO  Vehicle:17 - Vector{startPoint=Point{x=0, y=0}, endPoint=Point{x=8, y=0}}
2018-02-06 23:59:47 INFO  Vehicle:17 - Vector{startPoint=Point{x=0, y=0}, endPoint=Point{x=9, y=0}}
2018-02-06 23:59:48 INFO  Vehicle:17 - Vector{startPoint=Point{x=0, y=0}, endPoint=Point{x=10, y=0}}
2018-02-06 23:59:49 INFO  Vehicle:17 - Vector{startPoint=Point{x=0, y=0}, endPoint=Point{x=11, y=0}}
2018-02-06 23:59:50 INFO  Vehicle:17 - Vector{startPoint=Point{x=0, y=0}, endPoint=Point{x=12, y=0}}
2018-02-06 23:59:51 INFO  Vehicle:17 - Vector{startPoint=Point{x=0, y=0}, endPoint=Point{x=13, y=0}}
2018-02-06 23:59:52 INFO  Vehicle:17 - Vector{startPoint=Point{x=0, y=0}, endPoint=Point{x=14, y=0}}
2018-02-06 23:59:53 INFO  Vehicle:17 - Vector{startPoint=Point{x=0, y=0}, endPoint=Point{x=15, y=0}}
2018-02-06 23:59:54 INFO  Vehicle:17 - Vector{startPoint=Point{x=0, y=0}, endPoint=Point{x=16, y=0}}
2018-02-06 23:59:55 INFO  Vehicle:17 - Vector{startPoint=Point{x=0, y=0}, endPoint=Point{x=17, y=0}}
2018-02-06 23:59:56 INFO  Vehicle:17 - Vector{startPoint=Point{x=0, y=0}, endPoint=Point{x=18, y=0}}
2018-02-06 23:59:57 INFO  Vehicle:17 - Vector{startPoint=Point{x=0, y=0}, endPoint=Point{x=19, y=0}}
2018-02-07 00:00:13 INFO  Vehicle:17 - Initializing the vehicle
2018-02-07 00:00:13 INFO  Vehicle:17 - Vector{startPoint=Point{x=0, y=0}, endPoint=Point{x=10, y=0}}
2018-02-07 00:00:14 INFO  Vehicle:17 - Vector{startPoint=Point{x=0, y=0}, endPoint=Point{x=20, y=0}}
2018-02-07 00:00:15 INFO  Vehicle:17 - Vector{startPoint=Point{x=0, y=0}, endPoint=Point{x=30, y=0}}
2018-02-07 00:00:16 INFO  Vehicle:17 - Vector{startPoint=Point{x=0, y=0}, endPoint=Point{x=40, y=0}}
2018-02-07 00:00:17 INFO  Vehicle:17 - Vector{startPoint=Point{x=0, y=0}, endPoint=Point{x=50, y=0}}
2018-02-07 00:00:18 INFO  Vehicle:17 - Vector{startPoint=Point{x=0, y=0}, endPoint=Point{x=60, y=0}}
2018-02-07 00:00:26 INFO  Vehicle:17 - Initializing the vehicle
2018-02-07 00:00:26 INFO  Vehicle:17 - Vector{startPoint=Point{x=0, y=0}, endPoint=Point{x=50, y=0}}
2018-02-07 00:00:27 INFO  Vehicle:17 - Vector{startPoint=Point{x=0, y=0}, endPoint=Point{x=100, y=0}}
2018-02-07 00:00:28 INFO  Vehicle:17 - Vector{startPoint=Point{x=0, y=0}, endPoint=Point{x=150, y=0}}
2018-02-07 00:00:29 INFO  Vehicle:17 - Vector{startPoint=Point{x=0, y=0}, endPoint=Point{x=200, y=0}}
2018-02-07 00:00:30 INFO  Vehicle:17 - Vector{startPoint=Point{x=0, y=0}, endPoint=Point{x=250, y=0}}
2018-02-07 00:00:31 INFO  Vehicle:17 - Vector{startPoint=Point{x=0, y=0}, endPoint=Point{x=300, y=0}}
2018-02-07 00:00:32 INFO  Vehicle:17 - Vector{startPoint=Point{x=0, y=0}, endPoint=Point{x=350, y=0}}
2018-02-07 00:00:33 INFO  Vehicle:17 - Vector{startPoint=Point{x=0, y=0}, endPoint=Point{x=400, y=0}}
2018-02-07 00:00:34 INFO  Vehicle:17 - Vector{startPoint=Point{x=0, y=0}, endPoint=Point{x=450, y=0}}
2018-02-07 00:00:35 INFO  Vehicle:17 - Vector{startPoint=Point{x=0, y=0}, endPoint=Point{x=500, y=0}}
2018-02-07 00:00:36 INFO  Vehicle:17 - Vector{startPoint=Point{x=0, y=0}, endPoint=Point{x=550, y=0}}
2018-02-07 00:01:13 INFO  Vehicle:17 - Initializing the vehicle
2018-02-07 00:01:13 INFO  Vehicle:17 - Vector{startPoint=Point{x=0, y=0}, endPoint=Point{x=50, y=0}}
2018-02-07 00:01:14 INFO  Vehicle:17 - Vector{startPoint=Point{x=0, y=0}, endPoint=Point{x=100, y=0}}
2018-02-07 00:01:25 INFO  Vehicle:17 - Initializing the vehicle
2018-02-07 00:01:25 INFO  Vehicle:17 - Vector{startPoint=Point{x=0, y=0}, endPoint=Point{x=50, y=0}}
2018-02-07 00:01:26 INFO  Vehicle:17 - Vector{startPoint=Point{x=0, y=0}, endPoint=Point{x=100, y=0}}
2018-02-07 00:01:27 INFO  Vehicle:17 - Vector{startPoint=Point{x=0, y=0}, endPoint=Point{x=150, y=0}}
2018-02-07 00:01:28 INFO  Vehicle:17 - Vector{startPoint=Point{x=0, y=0}, endPoint=Point{x=200, y=0}}
2018-02-07 00:01:29 INFO  Vehicle:17 - Vector{startPoint=Point{x=0, y=0}, endPoint=Point{x=250, y=0}}
2018-02-07 00:02:43 INFO  Vehicle:17 - Initializing the vehicle
2018-02-07 00:02:43 INFO  Vehicle:17 - Vector{startPoint=Point{x=0, y=0}, endPoint=Point{x=50, y=0}}
2018-02-07 00:02:44 INFO  Vehicle:17 - Vector{startPoint=Point{x=0, y=0}, endPoint=Point{x=100, y=0}}
2018-02-07 00:02:45 INFO  Vehicle:17 - Vector{startPoint=Point{x=0, y=0}, endPoint=Point{x=150, y=0}}
2018-02-07 00:02:46 INFO  Vehicle:17 - Vector{startPoint=Point{x=0, y=0}, endPoint=Point{x=200, y=0}}
2018-02-07 00:02:47 INFO  Vehicle:17 - Vector{startPoint=Point{x=0, y=0}, endPoint=Point{x=250, y=0}}
2018-02-07 00:02:48 INFO  Vehicle:17 - Vector{startPoint=Point{x=0, y=0}, endPoint=Point{x=300, y=0}}
2018-02-07 00:03:07 INFO  Vehicle:17 - Initializing the vehicle
2018-02-07 00:03:07 INFO  Vehicle:17 - Vector{startPoint=Point{x=0, y=0}, endPoint=Point{x=10, y=0}}
2018-02-07 00:03:08 INFO  Vehicle:17 - Vector{startPoint=Point{x=0, y=0}, endPoint=Point{x=20, y=0}}
2018-02-07 00:03:09 INFO  Vehicle:17 - Vector{startPoint=Point{x=0, y=0}, endPoint=Point{x=30, y=0}}
2018-02-07 00:03:17 INFO  Vehicle:17 - Initializing the vehicle
2018-02-07 00:03:17 INFO  Vehicle:17 - Vector{startPoint=Point{x=0, y=0}, endPoint=Point{x=5, y=0}}
2018-02-07 00:03:18 INFO  Vehicle:17 - Vector{startPoint=Point{x=0, y=0}, endPoint=Point{x=10, y=0}}
2018-02-07 00:03:19 INFO  Vehicle:17 - Vector{startPoint=Point{x=0, y=0}, endPoint=Point{x=15, y=0}}
2018-02-07 00:03:20 INFO  Vehicle:17 - Vector{startPoint=Point{x=0, y=0}, endPoint=Point{x=20, y=0}}
2018-02-07 00:03:21 INFO  Vehicle:17 - Vector{startPoint=Point{x=0, y=0}, endPoint=Point{x=25, y=0}}
2018-02-07 00:03:28 INFO  Vehicle:17 - Initializing the vehicle
2018-02-07 00:03:28 INFO  Vehicle:17 - Vector{startPoint=Point{x=0, y=0}, endPoint=Point{x=1, y=0}}
2018-02-07 00:03:29 INFO  Vehicle:17 - Vector{startPoint=Point{x=0, y=0}, endPoint=Point{x=2, y=0}}
2018-02-07 00:03:30 INFO  Vehicle:17 - Vector{startPoint=Point{x=0, y=0}, endPoint=Point{x=3, y=0}}
2018-02-07 00:03:31 INFO  Vehicle:17 - Vector{startPoint=Point{x=0, y=0}, endPoint=Point{x=4, y=0}}
2018-02-07 00:03:32 INFO  Vehicle:17 - Vector{startPoint=Point{x=0, y=0}, endPoint=Point{x=5, y=0}}
2018-02-07 00:03:33 INFO  Vehicle:17 - Vector{startPoint=Point{x=0, y=0}, endPoint=Point{x=6, y=0}}
2018-02-07 00:03:34 INFO  Vehicle:17 - Vector{startPoint=Point{x=0, y=0}, endPoint=Point{x=7, y=0}}
2018-02-07 00:03:35 INFO  Vehicle:17 - Vector{startPoint=Point{x=0, y=0}, endPoint=Point{x=8, y=0}}
2018-02-07 00:03:36 INFO  Vehicle:17 - Vector{startPoint=Point{x=0, y=0}, endPoint=Point{x=9, y=0}}
2018-02-07 00:03:37 INFO  Vehicle:17 - Vector{startPoint=Point{x=0, y=0}, endPoint=Point{x=10, y=0}}
2018-02-07 00:03:38 INFO  Vehicle:17 - Vector{startPoint=Point{x=0, y=0}, endPoint=Point{x=11, y=0}}
2018-02-07 00:03:39 INFO  Vehicle:17 - Vector{startPoint=Point{x=0, y=0}, endPoint=Point{x=12, y=0}}
2018-02-07 00:03:40 INFO  Vehicle:17 - Vector{startPoint=Point{x=0, y=0}, endPoint=Point{x=13, y=0}}
2018-02-07 00:03:41 INFO  Vehicle:17 - Vector{startPoint=Point{x=0, y=0}, endPoint=Point{x=14, y=0}}
2018-02-07 00:03:42 INFO  Vehicle:17 - Vector{startPoint=Point{x=0, y=0}, endPoint=Point{x=15, y=0}}
2018-02-07 00:03:43 INFO  Vehicle:17 - Vector{startPoint=Point{x=0, y=0}, endPoint=Point{x=16, y=0}}
2018-02-07 00:03:44 INFO  Vehicle:17 - Vector{startPoint=Point{x=0, y=0}, endPoint=Point{x=17, y=0}}
2018-02-07 00:03:45 INFO  Vehicle:17 - Vector{startPoint=Point{x=0, y=0}, endPoint=Point{x=18, y=0}}
2018-02-07 00:03:46 INFO  Vehicle:17 - Vector{startPoint=Point{x=0, y=0}, endPoint=Point{x=19, y=0}}
2018-02-07 00:05:58 INFO  Vehicle:17 - Initializing the vehicle
2018-02-07 00:05:58 INFO  Vehicle:17 - Vector{startPoint=Point{x=0, y=0}, endPoint=Point{x=1, y=0}}
2018-02-07 00:05:59 INFO  Vehicle:17 - Vector{startPoint=Point{x=0, y=0}, endPoint=Point{x=2, y=0}}
2018-02-07 00:06:00 INFO  Vehicle:17 - Vector{startPoint=Point{x=0, y=0}, endPoint=Point{x=3, y=0}}
2018-02-07 00:06:01 INFO  Vehicle:17 - Vector{startPoint=Point{x=0, y=0}, endPoint=Point{x=4, y=0}}
2018-02-07 00:06:27 INFO  Vehicle:17 - Initializing the vehicle
2018-02-07 00:06:27 INFO  Vehicle:17 - Vector{startPoint=Point{x=0, y=0}, endPoint=Point{x=1, y=0}}
2018-02-07 00:06:28 INFO  Vehicle:17 - Vector{startPoint=Point{x=0, y=0}, endPoint=Point{x=2, y=0}}
2018-02-07 00:06:29 INFO  Vehicle:17 - Vector{startPoint=Point{x=0, y=0}, endPoint=Point{x=3, y=0}}
2018-02-07 00:06:43 INFO  Vehicle:17 - Initializing the vehicle
2018-02-07 00:06:43 INFO  Vehicle:17 - Vector{startPoint=Point{x=0, y=0}, endPoint=Point{x=1, y=0}}
2018-02-07 00:06:44 INFO  Vehicle:17 - Vector{startPoint=Point{x=0, y=0}, endPoint=Point{x=2, y=0}}
2018-02-07 00:06:45 INFO  Vehicle:17 - Vector{startPoint=Point{x=0, y=0}, endPoint=Point{x=3, y=0}}
2018-02-07 00:06:53 INFO  Vehicle:17 - Initializing the vehicle
2018-02-07 00:06:53 INFO  Vehicle:17 - Vector{startPoint=Point{x=0, y=0}, endPoint=Point{x=1, y=0}}
2018-02-07 00:06:54 INFO  Vehicle:17 - Vector{startPoint=Point{x=0, y=0}, endPoint=Point{x=2, y=0}}
2018-02-07 00:07:42 INFO  Vehicle:17 - Initializing the vehicle
2018-02-07 00:07:42 INFO  Vehicle:17 - Vector{startPoint=Point{x=0, y=0}, endPoint=Point{x=1, y=0}}
2018-02-07 00:07:43 INFO  Vehicle:17 - Vector{startPoint=Point{x=0, y=0}, endPoint=Point{x=2, y=0}}
2018-02-07 00:07:44 INFO  Vehicle:17 - Vector{startPoint=Point{x=0, y=0}, endPoint=Point{x=3, y=0}}
2018-02-07 00:07:45 INFO  Vehicle:17 - Vector{startPoint=Point{x=0, y=0}, endPoint=Point{x=4, y=0}}
2018-02-07 00:07:52 INFO  Vehicle:17 - Initializing the vehicle
2018-02-07 00:07:52 INFO  Vehicle:17 - Vector{startPoint=Point{x=0, y=0}, endPoint=Point{x=1, y=0}}
2018-02-07 00:07:53 INFO  Vehicle:17 - Vector{startPoint=Point{x=0, y=0}, endPoint=Point{x=2, y=0}}
2018-02-07 00:07:54 INFO  Vehicle:17 - Vector{startPoint=Point{x=0, y=0}, endPoint=Point{x=3, y=0}}
2018-02-07 00:07:55 INFO  Vehicle:17 - Vector{startPoint=Point{x=0, y=0}, endPoint=Point{x=4, y=0}}
2018-02-07 00:09:50 INFO  Vehicle:17 - Initializing the vehicle
2018-02-07 00:09:50 INFO  Vehicle:17 - Vector{startPoint=Point{x=0, y=0}, endPoint=Point{x=1, y=0}}
2018-02-07 00:09:51 INFO  Vehicle:17 - Vector{startPoint=Point{x=0, y=0}, endPoint=Point{x=2, y=0}}
2018-02-07 00:10:46 INFO  Vehicle:17 - Initializing the vehicle
2018-02-07 00:10:46 INFO  Vehicle:17 - Vector{startPoint=Point{x=0, y=0}, endPoint=Point{x=1, y=0}}
2018-02-07 00:10:47 INFO  Vehicle:17 - Vector{startPoint=Point{x=0, y=0}, endPoint=Point{x=2, y=0}}
2018-02-07 00:10:48 INFO  Vehicle:17 - Vector{startPoint=Point{x=0, y=0}, endPoint=Point{x=3, y=0}}
2018-02-07 00:17:22 INFO  Vehicle:17 - Initializing the vehicle
2018-02-07 00:17:22 INFO  Vehicle:17 - Vector{startPoint=Point{x=0, y=0}, endPoint=Point{x=1, y=0}}
2018-02-07 00:17:23 INFO  Vehicle:17 - Vector{startPoint=Point{x=0, y=0}, endPoint=Point{x=2, y=0}}
2018-02-07 00:17:24 INFO  Vehicle:17 - Vector{startPoint=Point{x=0, y=0}, endPoint=Point{x=3, y=0}}
2018-02-07 00:17:25 INFO  Vehicle:17 - Vector{startPoint=Point{x=0, y=0}, endPoint=Point{x=4, y=0}}
2018-02-07 00:17:26 INFO  Vehicle:17 - Vector{startPoint=Point{x=0, y=0}, endPoint=Point{x=5, y=0}}
2018-02-07 00:17:27 INFO  Vehicle:17 - Vector{startPoint=Point{x=0, y=0}, endPoint=Point{x=6, y=0}}
2018-02-07 00:17:28 INFO  Vehicle:17 - Vector{startPoint=Point{x=0, y=0}, endPoint=Point{x=7, y=0}}
2018-02-07 00:17:29 INFO  Vehicle:17 - Vector{startPoint=Point{x=0, y=0}, endPoint=Point{x=8, y=0}}
2018-02-07 00:17:30 INFO  Vehicle:17 - Vector{startPoint=Point{x=0, y=0}, endPoint=Point{x=9, y=0}}
2018-02-07 00:17:31 INFO  Vehicle:17 - Vector{startPoint=Point{x=0, y=0}, endPoint=Point{x=10, y=0}}
2018-02-07 00:17:32 INFO  Vehicle:17 - Vector{startPoint=Point{x=0, y=0}, endPoint=Point{x=11, y=0}}
2018-02-07 00:17:55 INFO  Vehicle:17 - Initializing the vehicle
2018-02-07 00:17:55 INFO  Vehicle:17 - Vector{startPoint=Point{x=0, y=0}, endPoint=Point{x=1, y=0}}
2018-02-07 00:17:56 INFO  Vehicle:17 - Vector{startPoint=Point{x=0, y=0}, endPoint=Point{x=2, y=0}}
2018-02-07 00:17:57 INFO  Vehicle:17 - Vector{startPoint=Point{x=0, y=0}, endPoint=Point{x=3, y=0}}
2018-02-07 00:17:58 INFO  Vehicle:17 - Vector{startPoint=Point{x=0, y=0}, endPoint=Point{x=4, y=0}}
2018-02-07 00:17:59 INFO  Vehicle:17 - Vector{startPoint=Point{x=0, y=0}, endPoint=Point{x=5, y=0}}
2018-02-07 00:19:06 INFO  Vehicle:17 - Initializing the vehicle
2018-02-07 00:19:06 INFO  Vehicle:17 - Vector{startPoint=Point{x=0, y=0}, endPoint=Point{x=1, y=0}}
2018-02-07 00:19:07 INFO  Vehicle:17 - Vector{startPoint=Point{x=0, y=0}, endPoint=Point{x=2, y=0}}
2018-02-07 00:19:08 INFO  Vehicle:17 - Vector{startPoint=Point{x=0, y=0}, endPoint=Point{x=3, y=0}}
2018-02-07 00:19:09 INFO  Vehicle:17 - Vector{startPoint=Point{x=0, y=0}, endPoint=Point{x=4, y=0}}
2018-02-07 00:19:10 INFO  Vehicle:17 - Vector{startPoint=Point{x=0, y=0}, endPoint=Point{x=5, y=0}}
2018-02-07 00:19:11 INFO  Vehicle:17 - Vector{startPoint=Point{x=0, y=0}, endPoint=Point{x=6, y=0}}
2018-02-07 00:19:12 INFO  Vehicle:17 - Vector{startPoint=Point{x=0, y=0}, endPoint=Point{x=7, y=0}}
2018-02-07 00:19:13 INFO  Vehicle:17 - Vector{startPoint=Point{x=0, y=0}, endPoint=Point{x=8, y=0}}
2018-02-07 00:19:14 INFO  Vehicle:17 - Vector{startPoint=Point{x=0, y=0}, endPoint=Point{x=9, y=0}}
2018-02-07 00:21:35 INFO  Vehicle:17 - Initializing the vehicle
2018-02-07 00:21:35 INFO  Vehicle:17 - Vector{startPoint=Point{x=0, y=0}, endPoint=Point{x=1, y=0}}
2018-02-07 00:21:36 INFO  Vehicle:17 - Vector{startPoint=Point{x=0, y=0}, endPoint=Point{x=2, y=0}}
2018-02-07 00:21:37 INFO  Vehicle:17 - Vector{startPoint=Point{x=0, y=0}, endPoint=Point{x=3, y=0}}
2018-02-07 00:21:38 INFO  Vehicle:17 - Vector{startPoint=Point{x=0, y=0}, endPoint=Point{x=4, y=0}}
2018-02-07 00:21:39 INFO  Vehicle:17 - Vector{startPoint=Point{x=0, y=0}, endPoint=Point{x=5, y=0}}
2018-02-07 00:21:40 INFO  Vehicle:17 - Vector{startPoint=Point{x=0, y=0}, endPoint=Point{x=6, y=0}}
2018-02-07 00:21:41 INFO  Vehicle:17 - Vector{startPoint=Point{x=0, y=0}, endPoint=Point{x=7, y=0}}
2018-02-07 00:21:42 INFO  Vehicle:17 - Vector{startPoint=Point{x=0, y=0}, endPoint=Point{x=8, y=0}}
2018-02-07 00:21:43 INFO  Vehicle:17 - Vector{startPoint=Point{x=0, y=0}, endPoint=Point{x=9, y=0}}
2018-02-07 00:21:44 INFO  Vehicle:17 - Vector{startPoint=Point{x=0, y=0}, endPoint=Point{x=10, y=0}}
2018-02-07 00:21:45 INFO  Vehicle:17 - Vector{startPoint=Point{x=0, y=0}, endPoint=Point{x=11, y=0}}
2018-02-07 00:21:46 INFO  Vehicle:17 - Vector{startPoint=Point{x=0, y=0}, endPoint=Point{x=12, y=0}}
2018-02-07 00:21:47 INFO  Vehicle:17 - Vector{startPoint=Point{x=0, y=0}, endPoint=Point{x=13, y=0}}
2018-02-07 00:21:48 INFO  Vehicle:17 - Vector{startPoint=Point{x=0, y=0}, endPoint=Point{x=14, y=0}}
2018-02-07 00:22:00 INFO  Vehicle:17 - Initializing the vehicle
2018-02-07 00:22:00 INFO  Vehicle:17 - Vector{startPoint=Point{x=0, y=0}, endPoint=Point{x=1, y=0}}
2018-02-07 00:22:01 INFO  Vehicle:17 - Vector{startPoint=Point{x=0, y=0}, endPoint=Point{x=2, y=0}}
2018-02-07 00:22:02 INFO  Vehicle:17 - Vector{startPoint=Point{x=0, y=0}, endPoint=Point{x=3, y=0}}
2018-02-07 00:22:03 INFO  Vehicle:17 - Vector{startPoint=Point{x=0, y=0}, endPoint=Point{x=4, y=0}}
2018-02-07 00:22:04 INFO  Vehicle:17 - Vector{startPoint=Point{x=0, y=0}, endPoint=Point{x=5, y=0}}
2018-02-07 00:22:05 INFO  Vehicle:17 - Vector{startPoint=Point{x=0, y=0}, endPoint=Point{x=6, y=0}}
2018-02-07 00:22:06 INFO  Vehicle:17 - Vector{startPoint=Point{x=0, y=0}, endPoint=Point{x=7, y=0}}
2018-02-07 00:22:07 INFO  Vehicle:17 - Vector{startPoint=Point{x=0, y=0}, endPoint=Point{x=8, y=0}}
2018-02-07 00:22:08 INFO  Vehicle:17 - Vector{startPoint=Point{x=0, y=0}, endPoint=Point{x=9, y=0}}
2018-02-07 00:22:09 INFO  Vehicle:17 - Vector{startPoint=Point{x=0, y=0}, endPoint=Point{x=10, y=0}}
2018-02-07 00:22:10 INFO  Vehicle:17 - Vector{startPoint=Point{x=0, y=0}, endPoint=Point{x=11, y=0}}
2018-02-07 00:22:11 INFO  Vehicle:17 - Vector{startPoint=Point{x=0, y=0}, endPoint=Point{x=12, y=0}}
2018-02-07 00:23:01 INFO  Vehicle:17 - Initializing the vehicle
2018-02-07 00:23:01 INFO  Vehicle:17 - Vector{startPoint=Point{x=0, y=0}, endPoint=Point{x=100, y=0}}
2018-02-07 00:23:02 INFO  Vehicle:17 - Vector{startPoint=Point{x=0, y=0}, endPoint=Point{x=200, y=0}}
2018-02-07 00:23:03 INFO  Vehicle:17 - Vector{startPoint=Point{x=0, y=0}, endPoint=Point{x=300, y=0}}
2018-02-07 00:23:04 INFO  Vehicle:17 - Vector{startPoint=Point{x=0, y=0}, endPoint=Point{x=400, y=0}}
2018-02-07 00:23:05 INFO  Vehicle:17 - Vector{startPoint=Point{x=0, y=0}, endPoint=Point{x=500, y=0}}
2018-02-07 00:23:06 INFO  Vehicle:17 - Vector{startPoint=Point{x=0, y=0}, endPoint=Point{x=600, y=0}}
2018-02-07 00:23:07 INFO  Vehicle:17 - Vector{startPoint=Point{x=0, y=0}, endPoint=Point{x=700, y=0}}
2018-02-07 00:23:08 INFO  Vehicle:17 - Vector{startPoint=Point{x=0, y=0}, endPoint=Point{x=800, y=0}}
2018-02-07 00:23:09 INFO  Vehicle:17 - Vector{startPoint=Point{x=0, y=0}, endPoint=Point{x=900, y=0}}
2018-02-07 00:23:10 INFO  Vehicle:17 - Vector{startPoint=Point{x=0, y=0}, endPoint=Point{x=1000, y=0}}
2018-02-07 00:27:44 INFO  Vehicle:17 - Initializing the vehicle
2018-02-07 00:27:44 INFO  Vehicle:17 - Initializing the vehicle
2018-02-07 00:27:44 INFO  Vehicle:17 - Vector{startPoint=Point{x=0, y=0}, endPoint=Point{x=10, y=0}}
2018-02-07 00:27:44 INFO  Vehicle:17 - Vector{startPoint=Point{x=0, y=0}, endPoint=Point{x=100, y=0}}
2018-02-07 00:27:45 INFO  Vehicle:17 - Vector{startPoint=Point{x=0, y=0}, endPoint=Point{x=200, y=0}}
2018-02-07 00:27:45 INFO  Vehicle:17 - Vector{startPoint=Point{x=0, y=0}, endPoint=Point{x=20, y=0}}
2018-02-07 00:27:46 INFO  Vehicle:17 - Vector{startPoint=Point{x=0, y=0}, endPoint=Point{x=300, y=0}}
2018-02-07 00:27:46 INFO  Vehicle:17 - Vector{startPoint=Point{x=0, y=0}, endPoint=Point{x=30, y=0}}
2018-02-07 00:27:47 INFO  Vehicle:17 - Vector{startPoint=Point{x=0, y=0}, endPoint=Point{x=400, y=0}}
2018-02-07 00:27:47 INFO  Vehicle:17 - Vector{startPoint=Point{x=0, y=0}, endPoint=Point{x=40, y=0}}
2018-02-07 00:27:48 INFO  Vehicle:17 - Vector{startPoint=Point{x=0, y=0}, endPoint=Point{x=500, y=0}}
2018-02-07 00:27:48 INFO  Vehicle:17 - Vector{startPoint=Point{x=0, y=0}, endPoint=Point{x=50, y=0}}
2018-02-07 00:27:49 INFO  Vehicle:17 - Vector{startPoint=Point{x=0, y=0}, endPoint=Point{x=600, y=0}}
2018-02-07 00:27:49 INFO  Vehicle:17 - Vector{startPoint=Point{x=0, y=0}, endPoint=Point{x=60, y=0}}
2018-02-07 00:27:50 INFO  Vehicle:17 - Vector{startPoint=Point{x=0, y=0}, endPoint=Point{x=700, y=0}}
2018-02-07 00:27:50 INFO  Vehicle:17 - Vector{startPoint=Point{x=0, y=0}, endPoint=Point{x=70, y=0}}
2018-02-07 00:27:51 INFO  Vehicle:17 - Vector{startPoint=Point{x=0, y=0}, endPoint=Point{x=800, y=0}}
2018-02-07 00:27:51 INFO  Vehicle:17 - Vector{startPoint=Point{x=0, y=0}, endPoint=Point{x=80, y=0}}
2018-02-07 00:28:54 INFO  Vehicle:17 - Initializing the vehicle
2018-02-07 00:28:54 INFO  Vehicle:17 - Initializing the vehicle
2018-02-07 00:28:54 INFO  Vehicle:17 - Vector{startPoint=Point{x=0, y=0}, endPoint=Point{x=10, y=0}}
2018-02-07 00:28:54 INFO  Vehicle:17 - Vector{startPoint=Point{x=0, y=0}, endPoint=Point{x=100, y=0}}
2018-02-07 00:28:55 INFO  Vehicle:17 - Vector{startPoint=Point{x=0, y=0}, endPoint=Point{x=200, y=0}}
2018-02-07 00:28:55 INFO  Vehicle:17 - Vector{startPoint=Point{x=0, y=0}, endPoint=Point{x=20, y=0}}
2018-02-07 00:28:56 INFO  Vehicle:17 - Vector{startPoint=Point{x=0, y=0}, endPoint=Point{x=30, y=0}}
2018-02-07 00:28:56 INFO  Vehicle:17 - Vector{startPoint=Point{x=0, y=0}, endPoint=Point{x=300, y=0}}
2018-02-07 00:28:57 INFO  Vehicle:17 - Vector{startPoint=Point{x=0, y=0}, endPoint=Point{x=40, y=0}}
2018-02-07 00:28:57 INFO  Vehicle:17 - Vector{startPoint=Point{x=0, y=0}, endPoint=Point{x=400, y=0}}
2018-02-07 00:28:58 INFO  Vehicle:17 - Vector{startPoint=Point{x=0, y=0}, endPoint=Point{x=500, y=0}}
2018-02-07 00:28:58 INFO  Vehicle:17 - Vector{startPoint=Point{x=0, y=0}, endPoint=Point{x=50, y=0}}
2018-02-07 00:29:28 INFO  Vehicle:17 - Initializing the vehicle
2018-02-07 00:29:28 INFO  Vehicle:17 - Initializing the vehicle
2018-02-07 00:29:28 INFO  Vehicle:17 - Vector{startPoint=Point{x=0, y=0}, endPoint=Point{x=10, y=0}}
2018-02-07 00:29:28 INFO  Vehicle:17 - Vector{startPoint=Point{x=0, y=0}, endPoint=Point{x=100, y=0}}
2018-02-07 00:29:29 INFO  Vehicle:17 - Vector{startPoint=Point{x=0, y=0}, endPoint=Point{x=200, y=0}}
2018-02-07 00:29:29 INFO  Vehicle:17 - Vector{startPoint=Point{x=0, y=0}, endPoint=Point{x=20, y=0}}
2018-02-07 00:29:30 INFO  Vehicle:17 - Vector{startPoint=Point{x=0, y=0}, endPoint=Point{x=300, y=0}}
2018-02-07 00:29:30 INFO  Vehicle:17 - Vector{startPoint=Point{x=0, y=0}, endPoint=Point{x=30, y=0}}
2018-02-07 00:29:31 INFO  Vehicle:17 - Vector{startPoint=Point{x=0, y=0}, endPoint=Point{x=400, y=0}}
2018-02-07 00:29:31 INFO  Vehicle:17 - Vector{startPoint=Point{x=0, y=0}, endPoint=Point{x=40, y=0}}
2018-02-07 00:30:54 INFO  Vehicle:17 - Initializing the vehicle
2018-02-07 00:30:54 INFO  Vehicle:17 - Initializing the vehicle
2018-02-07 00:30:54 INFO  Vehicle:17 - Vector{startPoint=Point{x=0, y=0}, endPoint=Point{x=10, y=0}}
2018-02-07 00:30:54 INFO  Vehicle:17 - Vector{startPoint=Point{x=0, y=0}, endPoint=Point{x=100, y=0}}
2018-02-07 00:30:55 INFO  Vehicle:17 - Vector{startPoint=Point{x=0, y=0}, endPoint=Point{x=200, y=0}}
2018-02-07 00:30:55 INFO  Vehicle:17 - Vector{startPoint=Point{x=0, y=0}, endPoint=Point{x=20, y=0}}
2018-02-07 00:30:56 INFO  Vehicle:17 - Vector{startPoint=Point{x=0, y=0}, endPoint=Point{x=300, y=0}}
2018-02-07 00:30:56 INFO  Vehicle:17 - Vector{startPoint=Point{x=0, y=0}, endPoint=Point{x=30, y=0}}
2018-02-07 00:30:57 INFO  Vehicle:17 - Vector{startPoint=Point{x=0, y=0}, endPoint=Point{x=400, y=0}}
2018-02-07 00:30:57 INFO  Vehicle:17 - Vector{startPoint=Point{x=0, y=0}, endPoint=Point{x=40, y=0}}
2018-02-07 00:30:58 INFO  Vehicle:17 - Vector{startPoint=Point{x=0, y=0}, endPoint=Point{x=500, y=0}}
2018-02-07 00:30:58 INFO  Vehicle:17 - Vector{startPoint=Point{x=0, y=0}, endPoint=Point{x=50, y=0}}
2018-02-07 00:30:59 INFO  Vehicle:17 - Vector{startPoint=Point{x=0, y=0}, endPoint=Point{x=600, y=0}}
2018-02-07 00:30:59 INFO  Vehicle:17 - Vector{startPoint=Point{x=0, y=0}, endPoint=Point{x=60, y=0}}
2018-02-07 00:31:36 INFO  Vehicle:17 - Initializing the vehicle
2018-02-07 00:31:36 INFO  Vehicle:17 - Initializing the vehicle
2018-02-07 00:31:36 INFO  Vehicle:17 - Vector{startPoint=Point{x=0, y=0}, endPoint=Point{x=10, y=0}}
2018-02-07 00:31:36 INFO  Vehicle:17 - Vector{startPoint=Point{x=0, y=0}, endPoint=Point{x=100, y=0}}
2018-02-07 00:31:37 INFO  Vehicle:17 - Vector{startPoint=Point{x=0, y=0}, endPoint=Point{x=200, y=0}}
2018-02-07 00:31:37 INFO  Vehicle:17 - Vector{startPoint=Point{x=0, y=0}, endPoint=Point{x=20, y=0}}
2018-02-07 00:31:38 INFO  Vehicle:17 - Vector{startPoint=Point{x=0, y=0}, endPoint=Point{x=300, y=0}}
2018-02-07 00:31:38 INFO  Vehicle:17 - Vector{startPoint=Point{x=0, y=0}, endPoint=Point{x=30, y=0}}
2018-02-07 00:31:39 INFO  Vehicle:17 - Vector{startPoint=Point{x=0, y=0}, endPoint=Point{x=400, y=0}}
2018-02-07 00:31:39 INFO  Vehicle:17 - Vector{startPoint=Point{x=0, y=0}, endPoint=Point{x=40, y=0}}
2018-02-07 00:31:40 INFO  Vehicle:17 - Vector{startPoint=Point{x=0, y=0}, endPoint=Point{x=500, y=0}}
2018-02-07 00:31:40 INFO  Vehicle:17 - Vector{startPoint=Point{x=0, y=0}, endPoint=Point{x=50, y=0}}
2018-02-07 00:31:41 INFO  Vehicle:17 - Vector{startPoint=Point{x=0, y=0}, endPoint=Point{x=600, y=0}}
2018-02-07 00:31:41 INFO  Vehicle:17 - Vector{startPoint=Point{x=0, y=0}, endPoint=Point{x=60, y=0}}
2018-02-07 00:31:42 INFO  Vehicle:17 - Vector{startPoint=Point{x=0, y=0}, endPoint=Point{x=700, y=0}}
2018-02-07 00:31:42 INFO  Vehicle:17 - Vector{startPoint=Point{x=0, y=0}, endPoint=Point{x=70, y=0}}
2018-02-07 00:33:07 INFO  Vehicle:17 - Initializing the vehicle
2018-02-07 00:33:07 INFO  Vehicle:17 - Initializing the vehicle
2018-02-07 00:33:07 INFO  Vehicle:17 - Vector{startPoint=Point{x=0, y=0}, endPoint=Point{x=100, y=0}}
2018-02-07 00:33:07 INFO  Vehicle:17 - Vector{startPoint=Point{x=0, y=0}, endPoint=Point{x=10, y=0}}
2018-02-07 00:33:08 INFO  Vehicle:17 - Vector{startPoint=Point{x=0, y=0}, endPoint=Point{x=200, y=0}}
2018-02-07 00:33:08 INFO  Vehicle:17 - Vector{startPoint=Point{x=0, y=0}, endPoint=Point{x=20, y=0}}
2018-02-07 00:33:09 INFO  Vehicle:17 - Vector{startPoint=Point{x=0, y=0}, endPoint=Point{x=300, y=0}}
2018-02-07 00:33:09 INFO  Vehicle:17 - Vector{startPoint=Point{x=0, y=0}, endPoint=Point{x=30, y=0}}
2018-02-07 00:33:34 INFO  Vehicle:17 - Initializing the vehicle
2018-02-07 00:33:34 INFO  Vehicle:17 - Initializing the vehicle
2018-02-07 00:33:34 INFO  Vehicle:17 - Vector{startPoint=Point{x=0, y=0}, endPoint=Point{x=100, y=0}}
2018-02-07 00:33:34 INFO  Vehicle:17 - Vector{startPoint=Point{x=0, y=0}, endPoint=Point{x=10, y=0}}
2018-02-07 00:33:35 INFO  Vehicle:17 - Vector{startPoint=Point{x=0, y=0}, endPoint=Point{x=200, y=0}}
2018-02-07 00:33:35 INFO  Vehicle:17 - Vector{startPoint=Point{x=0, y=0}, endPoint=Point{x=20, y=0}}
2018-02-07 00:33:36 INFO  Vehicle:17 - Vector{startPoint=Point{x=0, y=0}, endPoint=Point{x=300, y=0}}
2018-02-07 00:33:36 INFO  Vehicle:17 - Vector{startPoint=Point{x=0, y=0}, endPoint=Point{x=30, y=0}}
2018-02-07 00:33:37 INFO  Vehicle:17 - Vector{startPoint=Point{x=0, y=0}, endPoint=Point{x=400, y=0}}
2018-02-07 00:33:37 INFO  Vehicle:17 - Vector{startPoint=Point{x=0, y=0}, endPoint=Point{x=40, y=0}}
2018-02-07 00:35:51 INFO  Vehicle:17 - Initializing the vehicle
2018-02-07 00:35:51 INFO  Vehicle:17 - Initializing the vehicle
2018-02-07 00:35:51 INFO  Vehicle:17 - Vector{startPoint=Point{x=0, y=0}, endPoint=Point{x=100, y=0}}
2018-02-07 00:35:51 INFO  Vehicle:17 - Vector{startPoint=Point{x=0, y=0}, endPoint=Point{x=10, y=0}}
2018-02-07 00:35:52 INFO  Vehicle:17 - Vector{startPoint=Point{x=0, y=0}, endPoint=Point{x=200, y=0}}
2018-02-07 00:35:52 INFO  Vehicle:17 - Vector{startPoint=Point{x=0, y=0}, endPoint=Point{x=20, y=0}}
2018-02-07 00:35:53 INFO  Vehicle:17 - Vector{startPoint=Point{x=0, y=0}, endPoint=Point{x=30, y=0}}
2018-02-07 00:35:53 INFO  Vehicle:17 - Vector{startPoint=Point{x=0, y=0}, endPoint=Point{x=300, y=0}}
2018-02-07 00:35:54 INFO  Vehicle:17 - Vector{startPoint=Point{x=0, y=0}, endPoint=Point{x=400, y=0}}
2018-02-07 00:35:54 INFO  Vehicle:17 - Vector{startPoint=Point{x=0, y=0}, endPoint=Point{x=40, y=0}}
2018-02-07 00:35:55 INFO  Vehicle:17 - Vector{startPoint=Point{x=0, y=0}, endPoint=Point{x=500, y=0}}
2018-02-07 00:35:55 INFO  Vehicle:17 - Vector{startPoint=Point{x=0, y=0}, endPoint=Point{x=50, y=0}}
2018-02-07 00:36:34 INFO  Vehicle:17 - Initializing the vehicle
2018-02-07 00:36:34 INFO  Vehicle:17 - Initializing the vehicle
2018-02-07 00:36:34 INFO  Vehicle:17 - Vector{startPoint=Point{x=0, y=0}, endPoint=Point{x=10, y=0}}
2018-02-07 00:36:34 INFO  Vehicle:17 - Vector{startPoint=Point{x=0, y=0}, endPoint=Point{x=100, y=0}}
2018-02-07 00:36:35 INFO  Vehicle:17 - Vector{startPoint=Point{x=0, y=0}, endPoint=Point{x=200, y=0}}
2018-02-07 00:36:35 INFO  Vehicle:17 - Vector{startPoint=Point{x=0, y=0}, endPoint=Point{x=20, y=0}}
2018-02-07 00:37:17 INFO  Vehicle:17 - Initializing the vehicle
2018-02-07 00:37:17 INFO  Vehicle:17 - Initializing the vehicle
2018-02-07 00:37:17 INFO  Vehicle:17 - Vector{startPoint=Point{x=0, y=0}, endPoint=Point{x=10, y=0}}
2018-02-07 00:37:17 INFO  Vehicle:17 - Vector{startPoint=Point{x=0, y=0}, endPoint=Point{x=100, y=0}}
2018-02-07 00:37:18 INFO  Vehicle:17 - Vector{startPoint=Point{x=0, y=0}, endPoint=Point{x=200, y=0}}
2018-02-07 00:37:18 INFO  Vehicle:17 - Vector{startPoint=Point{x=0, y=0}, endPoint=Point{x=20, y=0}}
2018-02-07 00:37:19 INFO  Vehicle:17 - Vector{startPoint=Point{x=0, y=0}, endPoint=Point{x=300, y=0}}
2018-02-07 00:37:19 INFO  Vehicle:17 - Vector{startPoint=Point{x=0, y=0}, endPoint=Point{x=30, y=0}}
2018-02-07 00:37:20 INFO  Vehicle:17 - Vector{startPoint=Point{x=0, y=0}, endPoint=Point{x=400, y=0}}
2018-02-07 00:37:20 INFO  Vehicle:17 - Vector{startPoint=Point{x=0, y=0}, endPoint=Point{x=40, y=0}}
2018-02-07 00:37:37 INFO  Vehicle:17 - Initializing the vehicle
2018-02-07 00:37:37 INFO  Vehicle:17 - Initializing the vehicle
2018-02-07 00:37:37 INFO  Vehicle:17 - Vector{startPoint=Point{x=0, y=0}, endPoint=Point{x=10, y=0}}
2018-02-07 00:37:37 INFO  Vehicle:17 - Vector{startPoint=Point{x=0, y=0}, endPoint=Point{x=100, y=0}}
2018-02-07 00:37:38 INFO  Vehicle:17 - Vector{startPoint=Point{x=0, y=0}, endPoint=Point{x=200, y=0}}
2018-02-07 00:37:38 INFO  Vehicle:17 - Vector{startPoint=Point{x=0, y=0}, endPoint=Point{x=20, y=0}}
2018-02-07 00:37:39 INFO  Vehicle:17 - Vector{startPoint=Point{x=0, y=0}, endPoint=Point{x=300, y=0}}
2018-02-07 00:37:39 INFO  Vehicle:17 - Vector{startPoint=Point{x=0, y=0}, endPoint=Point{x=30, y=0}}
2018-02-07 00:37:40 INFO  Vehicle:17 - Vector{startPoint=Point{x=0, y=0}, endPoint=Point{x=400, y=0}}
2018-02-07 00:37:40 INFO  Vehicle:17 - Vector{startPoint=Point{x=0, y=0}, endPoint=Point{x=40, y=0}}
2018-02-07 00:37:50 INFO  Vehicle:17 - Initializing the vehicle
2018-02-07 00:37:50 INFO  Vehicle:17 - Initializing the vehicle
2018-02-07 00:37:50 INFO  Vehicle:17 - Vector{startPoint=Point{x=0, y=0}, endPoint=Point{x=10, y=0}}
2018-02-07 00:37:50 INFO  Vehicle:17 - Vector{startPoint=Point{x=0, y=0}, endPoint=Point{x=5, y=0}}
2018-02-07 00:37:51 INFO  Vehicle:17 - Vector{startPoint=Point{x=0, y=0}, endPoint=Point{x=10, y=0}}
2018-02-07 00:37:51 INFO  Vehicle:17 - Vector{startPoint=Point{x=0, y=0}, endPoint=Point{x=20, y=0}}
2018-02-07 00:37:52 INFO  Vehicle:17 - Vector{startPoint=Point{x=0, y=0}, endPoint=Point{x=15, y=0}}
2018-02-07 00:37:52 INFO  Vehicle:17 - Vector{startPoint=Point{x=0, y=0}, endPoint=Point{x=30, y=0}}
2018-02-07 00:37:53 INFO  Vehicle:17 - Vector{startPoint=Point{x=0, y=0}, endPoint=Point{x=20, y=0}}
2018-02-07 00:37:53 INFO  Vehicle:17 - Vector{startPoint=Point{x=0, y=0}, endPoint=Point{x=40, y=0}}
2018-02-07 00:40:17 INFO  Vehicle:17 - Initializing the vehicle
2018-02-07 00:40:17 INFO  Vehicle:17 - Initializing the vehicle
2018-02-07 00:40:17 INFO  Vehicle:17 - Vector{startPoint=Point{x=0, y=0}, endPoint=Point{x=10, y=0}}
2018-02-07 00:40:17 INFO  Vehicle:17 - Vector{startPoint=Point{x=0, y=0}, endPoint=Point{x=5, y=0}}
2018-02-07 00:40:18 INFO  Vehicle:17 - Vector{startPoint=Point{x=0, y=0}, endPoint=Point{x=10, y=0}}
2018-02-07 00:40:18 INFO  Vehicle:17 - Vector{startPoint=Point{x=0, y=0}, endPoint=Point{x=20, y=0}}
2018-02-07 00:40:19 INFO  Vehicle:17 - Vector{startPoint=Point{x=0, y=0}, endPoint=Point{x=15, y=0}}
2018-02-07 00:40:19 INFO  Vehicle:17 - Vector{startPoint=Point{x=0, y=0}, endPoint=Point{x=30, y=0}}
2018-02-07 00:40:20 INFO  Vehicle:17 - Initializing the vehicle
2018-02-07 00:40:20 INFO  Vehicle:17 - Initializing the vehicle
2018-02-07 00:40:20 INFO  Vehicle:17 - Vector{startPoint=Point{x=0, y=0}, endPoint=Point{x=5, y=0}}
2018-02-07 00:40:20 INFO  Vehicle:17 - Vector{startPoint=Point{x=0, y=0}, endPoint=Point{x=10, y=0}}
2018-02-07 00:40:20 INFO  Vehicle:17 - Vector{startPoint=Point{x=0, y=0}, endPoint=Point{x=40, y=0}}
2018-02-07 00:40:20 INFO  Vehicle:17 - Vector{startPoint=Point{x=0, y=0}, endPoint=Point{x=20, y=0}}
2018-02-07 00:40:21 INFO  Vehicle:17 - Vector{startPoint=Point{x=0, y=0}, endPoint=Point{x=20, y=0}}
2018-02-07 00:40:21 INFO  Vehicle:17 - Vector{startPoint=Point{x=0, y=0}, endPoint=Point{x=10, y=0}}
2018-02-07 00:40:21 INFO  Vehicle:17 - Vector{startPoint=Point{x=0, y=0}, endPoint=Point{x=25, y=0}}
2018-02-07 00:40:21 INFO  Vehicle:17 - Vector{startPoint=Point{x=0, y=0}, endPoint=Point{x=50, y=0}}
2018-02-07 00:40:22 INFO  Vehicle:17 - Vector{startPoint=Point{x=0, y=0}, endPoint=Point{x=15, y=0}}
2018-02-07 00:40:22 INFO  Vehicle:17 - Vector{startPoint=Point{x=0, y=0}, endPoint=Point{x=30, y=0}}
2018-02-07 00:40:22 INFO  Vehicle:17 - Vector{startPoint=Point{x=0, y=0}, endPoint=Point{x=30, y=0}}
2018-02-07 00:40:22 INFO  Vehicle:17 - Vector{startPoint=Point{x=0, y=0}, endPoint=Point{x=60, y=0}}
2018-02-07 00:40:23 INFO  Vehicle:17 - Vector{startPoint=Point{x=0, y=0}, endPoint=Point{x=35, y=0}}
2018-02-07 00:40:23 INFO  Vehicle:17 - Vector{startPoint=Point{x=0, y=0}, endPoint=Point{x=70, y=0}}
2018-02-07 00:40:32 INFO  Vehicle:17 - Initializing the vehicle
2018-02-07 00:40:32 INFO  Vehicle:17 - Initializing the vehicle
2018-02-07 00:40:32 INFO  Vehicle:17 - Vector{startPoint=Point{x=0, y=0}, endPoint=Point{x=5, y=0}}
2018-02-07 00:40:32 INFO  Vehicle:17 - Vector{startPoint=Point{x=0, y=0}, endPoint=Point{x=10, y=0}}
2018-02-07 00:40:33 INFO  Vehicle:17 - Vector{startPoint=Point{x=0, y=0}, endPoint=Point{x=20, y=0}}
2018-02-07 00:40:33 INFO  Vehicle:17 - Vector{startPoint=Point{x=0, y=0}, endPoint=Point{x=10, y=0}}
2018-02-07 00:40:34 INFO  Vehicle:17 - Vector{startPoint=Point{x=0, y=0}, endPoint=Point{x=15, y=0}}
2018-02-07 00:40:34 INFO  Vehicle:17 - Vector{startPoint=Point{x=0, y=0}, endPoint=Point{x=30, y=0}}
2018-02-07 00:40:35 INFO  Vehicle:17 - Vector{startPoint=Point{x=0, y=0}, endPoint=Point{x=20, y=0}}
2018-02-07 00:40:35 INFO  Vehicle:17 - Vector{startPoint=Point{x=0, y=0}, endPoint=Point{x=40, y=0}}
2018-02-07 00:40:36 INFO  Vehicle:17 - Vector{startPoint=Point{x=0, y=0}, endPoint=Point{x=25, y=0}}
2018-02-07 00:40:36 INFO  Vehicle:17 - Vector{startPoint=Point{x=0, y=0}, endPoint=Point{x=50, y=0}}
2018-02-07 00:40:37 INFO  Vehicle:17 - Vector{startPoint=Point{x=0, y=0}, endPoint=Point{x=30, y=0}}
2018-02-07 00:40:37 INFO  Vehicle:17 - Vector{startPoint=Point{x=0, y=0}, endPoint=Point{x=60, y=0}}
2018-02-07 00:40:38 INFO  Vehicle:17 - Vector{startPoint=Point{x=0, y=0}, endPoint=Point{x=35, y=0}}
2018-02-07 00:40:38 INFO  Vehicle:17 - Vector{startPoint=Point{x=0, y=0}, endPoint=Point{x=70, y=0}}
2018-02-07 00:40:39 INFO  Vehicle:17 - Vector{startPoint=Point{x=0, y=0}, endPoint=Point{x=40, y=0}}
2018-02-07 00:40:39 INFO  Vehicle:17 - Vector{startPoint=Point{x=0, y=0}, endPoint=Point{x=80, y=0}}
2018-02-07 00:49:12 INFO  Vehicle:17 - Initializing the vehicle
2018-02-07 00:49:12 INFO  Vehicle:17 - Initializing the vehicle
2018-02-07 00:49:12 INFO  Vehicle:17 - Vector{startPoint=Point{x=0, y=0}, endPoint=Point{x=5, y=0}}
2018-02-07 00:49:12 INFO  Vehicle:17 - Vector{startPoint=Point{x=0, y=0}, endPoint=Point{x=10, y=0}}
2018-02-07 00:49:13 INFO  Vehicle:17 - Vector{startPoint=Point{x=0, y=0}, endPoint=Point{x=10, y=0}}
2018-02-07 00:49:13 INFO  Vehicle:17 - Vector{startPoint=Point{x=0, y=0}, endPoint=Point{x=20, y=0}}
2018-02-07 00:49:14 INFO  Vehicle:17 - Vector{startPoint=Point{x=0, y=0}, endPoint=Point{x=30, y=0}}
2018-02-07 00:49:14 INFO  Vehicle:17 - Vector{startPoint=Point{x=0, y=0}, endPoint=Point{x=15, y=0}}
2018-02-07 00:57:43 INFO  Vehicle:17 - Initializing the vehicle
2018-02-07 00:57:43 INFO  Vehicle:17 - Initializing the vehicle
2018-02-07 00:57:43 INFO  Vehicle:17 - Vector{startPoint=Point{x=0, y=0}, endPoint=Point{x=5, y=0}}
2018-02-07 00:57:43 INFO  Vehicle:17 - Vector{startPoint=Point{x=0, y=0}, endPoint=Point{x=10, y=0}}
2018-02-07 00:57:44 INFO  Vehicle:17 - Vector{startPoint=Point{x=0, y=0}, endPoint=Point{x=10, y=0}}
2018-02-07 00:57:44 INFO  Vehicle:17 - Vector{startPoint=Point{x=0, y=0}, endPoint=Point{x=20, y=0}}
2018-02-07 00:57:45 INFO  Vehicle:17 - Vector{startPoint=Point{x=0, y=0}, endPoint=Point{x=15, y=0}}
2018-02-07 00:57:45 INFO  Vehicle:17 - Vector{startPoint=Point{x=0, y=0}, endPoint=Point{x=30, y=0}}
2018-02-07 00:57:46 INFO  Vehicle:17 - Vector{startPoint=Point{x=0, y=0}, endPoint=Point{x=20, y=0}}
2018-02-07 00:57:46 INFO  Vehicle:17 - Vector{startPoint=Point{x=0, y=0}, endPoint=Point{x=40, y=0}}
2018-02-07 01:21:08 INFO  Vehicle:17 - Initializing the vehicle
2018-02-07 01:21:08 INFO  Vehicle:17 - Initializing the vehicle
2018-02-07 01:45:11 INFO  Vehicle:17 - Initializing the vehicle
2018-02-07 01:45:11 INFO  Vehicle:17 - Initializing the vehicle
2018-02-07 01:46:03 INFO  Vehicle:17 - Initializing the vehicle
2018-02-07 01:46:03 INFO  Vehicle:17 - Initializing the vehicle
2018-02-07 01:47:10 INFO  Vehicle:17 - Initializing the vehicle
2018-02-07 01:47:10 INFO  Vehicle:17 - Initializing the vehicle
2018-02-07 01:49:50 INFO  Vehicle:17 - Initializing the vehicle
2018-02-07 01:49:50 INFO  Vehicle:17 - Initializing the vehicle
2018-02-07 01:52:23 INFO  Vehicle:17 - Initializing the vehicle
2018-02-07 01:52:23 INFO  Vehicle:17 - Initializing the vehicle
2018-02-07 02:21:16 INFO  Vehicle:17 - Initializing the vehicle
2018-02-07 02:21:16 INFO  Vehicle:17 - Initializing the vehicle
2018-02-07 02:21:53 INFO  Vehicle:17 - Initializing the vehicle
2018-02-07 02:21:53 INFO  Vehicle:17 - Initializing the vehicle
2018-02-07 02:22:50 INFO  Vehicle:17 - Initializing the vehicle
2018-02-07 02:22:50 INFO  Vehicle:17 - Initializing the vehicle
2018-02-07 02:48:29 INFO  Vehicle:17 - Initializing the vehicle
2018-02-07 02:48:29 INFO  Vehicle:17 - Initializing the vehicle
2018-02-07 02:52:10 INFO  Vehicle:17 - Initializing the vehicle
2018-02-07 02:52:10 INFO  Vehicle:17 - Initializing the vehicle
2018-02-07 02:52:37 INFO  Vehicle:17 - Initializing the vehicle
2018-02-07 02:52:37 ERROR Vehicle:27 - 
2018-02-07 02:52:38 ERROR Vehicle:27 - 
2018-02-07 02:52:39 ERROR Vehicle:27 - 
2018-02-07 02:52:40 ERROR Vehicle:27 - 
2018-02-07 02:52:41 ERROR Vehicle:27 - 
2018-02-07 02:52:42 ERROR Vehicle:27 - 
2018-02-07 02:55:06 INFO  Vehicle:17 - Initializing the vehicle
2018-02-07 02:55:06 INFO  Vehicle:17 - Initializing the vehicle
2018-02-07 02:55:23 INFO  Vehicle:17 - Initializing the vehicle
2018-02-07 02:55:23 ERROR Vehicle:27 - 
2018-02-07 02:55:24 ERROR Vehicle:27 - 
2018-02-07 02:55:25 ERROR Vehicle:27 - 
2018-02-07 02:55:26 ERROR Vehicle:27 - 
2018-02-07 02:56:11 INFO  Vehicle:17 - Initializing the vehicle
2018-02-07 02:56:11 INFO  Vehicle:17 - Initializing the vehicle
2018-02-07 02:56:28 INFO  Vehicle:17 - Initializing the vehicle
2018-02-07 02:56:28 ERROR Vehicle:27 - 
2018-02-07 02:56:29 ERROR Vehicle:27 - 
2018-02-07 02:56:30 ERROR Vehicle:27 - 
2018-02-07 02:56:31 ERROR Vehicle:27 - 
2018-02-07 02:56:32 ERROR Vehicle:27 - 
2018-02-07 02:56:33 ERROR Vehicle:27 - 
2018-02-07 02:57:52 INFO  Vehicle:17 - Initializing the vehicle
2018-02-07 02:57:52 INFO  Vehicle:17 - Initializing the vehicle
2018-02-07 02:58:02 INFO  Vehicle:17 - Initializing the vehicle
2018-02-07 02:58:02 ERROR Vehicle:27 - 
2018-02-07 02:58:03 ERROR Vehicle:27 - 
2018-02-07 02:58:04 ERROR Vehicle:27 - 
2018-02-07 02:58:05 ERROR Vehicle:27 - 
2018-02-07 02:58:06 ERROR Vehicle:27 - 
2018-02-07 02:58:29 INFO  Vehicle:17 - Initializing the vehicle
2018-02-07 02:58:29 INFO  Vehicle:17 - Initializing the vehicle
2018-02-07 02:58:45 INFO  Vehicle:17 - Initializing the vehicle
2018-02-07 02:58:45 ERROR Vehicle:27 - 
2018-02-07 02:58:46 ERROR Vehicle:27 - 
2018-02-07 02:58:47 ERROR Vehicle:27 - 
2018-02-07 02:58:48 ERROR Vehicle:27 - 
2018-02-07 02:58:49 ERROR Vehicle:27 - 
2018-02-07 02:59:25 INFO  Vehicle:17 - Initializing the vehicle
2018-02-07 02:59:25 INFO  Vehicle:17 - Initializing the vehicle
2018-02-07 02:59:28 INFO  Vehicle:17 - Initializing the vehicle
2018-02-07 02:59:28 ERROR Vehicle:27 - 
2018-02-07 02:59:29 ERROR Vehicle:27 - 
2018-02-07 02:59:30 ERROR Vehicle:27 - 
2018-02-07 03:05:08 INFO  Vehicle:17 - Initializing the vehicle
2018-02-07 03:05:08 INFO  Vehicle:17 - Initializing the vehicle
2018-02-07 03:05:20 INFO  Vehicle:17 - Initializing the vehicle
2018-02-07 03:05:20 ERROR Vehicle:27 - 
2018-02-07 03:05:21 ERROR Vehicle:27 - 
2018-02-07 03:05:22 ERROR Vehicle:27 - 
2018-02-07 03:05:23 ERROR Vehicle:27 - 
2018-02-07 03:06:04 INFO  Vehicle:17 - Initializing the vehicle
2018-02-07 03:06:04 INFO  Vehicle:17 - Initializing the vehicle
2018-02-07 03:06:07 INFO  Vehicle:17 - Initializing the vehicle
2018-02-07 03:09:26 INFO  Vehicle:17 - Initializing the vehicle
2018-02-07 03:09:26 INFO  Vehicle:17 - Initializing the vehicle
2018-02-07 03:09:29 INFO  Vehicle:17 - Initializing the vehicle
2018-02-07 03:09:29 ERROR Vehicle:27 - 
2018-02-07 03:09:30 ERROR Vehicle:27 - 
2018-02-07 03:09:31 ERROR Vehicle:27 - 
2018-02-07 03:09:32 ERROR Vehicle:27 - 
2018-02-07 03:09:33 ERROR Vehicle:27 - 
2018-02-07 03:09:37 INFO  Vehicle:17 - Initializing the vehicle
2018-02-07 03:09:37 INFO  Vehicle:17 - Initializing the vehicle
2018-02-07 03:09:48 INFO  Vehicle:17 - Initializing the vehicle
2018-02-07 03:20:09 INFO  Vehicle:17 - Initializing the vehicle
2018-02-07 03:20:09 INFO  Vehicle:17 - Initializing the vehicle
2018-02-07 03:20:23 INFO  Vehicle:17 - Initializing the vehicle
2018-02-07 03:20:40 INFO  Vehicle:17 - Initializing the vehicle
2018-02-07 03:23:39 INFO  Vehicle:17 - Initializing the vehicle
2018-02-07 03:23:39 INFO  Vehicle:17 - Initializing the vehicle
2018-02-07 03:23:52 INFO  Vehicle:17 - Initializing the vehicle
2018-02-07 03:24:19 INFO  Vehicle:17 - Initializing the vehicle
2018-02-07 03:24:19 INFO  Vehicle:17 - Initializing the vehicle
2018-02-07 03:24:51 INFO  Vehicle:17 - Initializing the vehicle
2018-02-07 03:24:51 INFO  Vehicle:17 - Initializing the vehicle
2018-02-07 03:25:20 INFO  Vehicle:17 - Initializing the vehicle
2018-02-07 03:25:30 INFO  Vehicle:17 - Initializing the vehicle
2018-02-07 03:25:39 INFO  Vehicle:17 - Initializing the vehicle
2018-02-07 03:26:02 INFO  Vehicle:17 - Initializing the vehicle
2018-02-07 03:26:39 INFO  Vehicle:17 - Initializing the vehicle
2018-02-07 12:37:00 INFO  Vehicle:17 - Initializing the vehicle
2018-02-07 12:37:00 INFO  Vehicle:17 - Initializing the vehicle
2018-02-07 12:37:11 INFO  Vehicle:17 - Initializing the vehicle
2018-02-07 12:38:46 INFO  Vehicle:17 - Initializing the vehicle
2018-02-07 12:38:46 INFO  Vehicle:17 - Initializing the vehicle
2018-02-07 12:38:54 INFO  Vehicle:17 - Initializing the vehicle
2018-02-07 12:39:30 INFO  Vehicle:17 - Initializing the vehicle
2018-02-07 12:39:30 INFO  Vehicle:17 - Initializing the vehicle
2018-02-07 12:39:41 INFO  Vehicle:17 - Initializing the vehicle
2018-02-07 12:39:57 ERROR Vehicle:27 - 
2018-02-07 12:39:58 ERROR Vehicle:27 - 
2018-02-07 12:39:59 ERROR Vehicle:27 - 
2018-02-07 12:40:00 ERROR Vehicle:27 - 
2018-02-07 12:40:01 ERROR Vehicle:27 - 
2018-02-07 12:40:02 ERROR Vehicle:27 - 
2018-02-07 12:40:03 ERROR Vehicle:27 - 
2018-02-07 12:40:04 ERROR Vehicle:27 - 
2018-02-07 12:40:05 ERROR Vehicle:27 - 
2018-02-07 12:40:06 ERROR Vehicle:27 - 
2018-02-07 12:40:07 ERROR Vehicle:27 - 
2018-02-07 12:40:08 ERROR Vehicle:27 - 
2018-02-07 12:40:09 ERROR Vehicle:27 - 
2018-02-07 12:41:36 INFO  Vehicle:17 - Initializing the vehicle
2018-02-07 12:41:36 INFO  Vehicle:17 - Initializing the vehicle
2018-02-07 12:41:45 INFO  Vehicle:17 - Initializing the vehicle
2018-02-07 12:43:35 INFO  Vehicle:17 - Initializing the vehicle
2018-02-07 12:43:35 INFO  Vehicle:17 - Initializing the vehicle
2018-02-07 12:43:43 INFO  Vehicle:17 - Initializing the vehicle
2018-02-07 12:43:56 ERROR Vehicle:27 - 
2018-02-07 12:43:57 ERROR Vehicle:27 - 
2018-02-07 12:43:58 ERROR Vehicle:27 - 
2018-02-07 12:43:59 ERROR Vehicle:27 - 
2018-02-07 12:44:00 ERROR Vehicle:27 - 
2018-02-07 12:44:50 INFO  Vehicle:17 - Initializing the vehicle
2018-02-07 12:44:50 INFO  Vehicle:17 - Initializing the vehicle
2018-02-07 12:44:59 INFO  Vehicle:17 - Initializing the vehicle
2018-02-07 12:45:11 ERROR Vehicle:27 - 
2018-02-07 12:45:12 ERROR Vehicle:27 - 
2018-02-07 12:45:13 ERROR Vehicle:27 - 
2018-02-07 12:45:14 ERROR Vehicle:27 - 
2018-02-07 12:45:15 ERROR Vehicle:27 - 
2018-02-07 12:45:16 ERROR Vehicle:27 - 
2018-02-07 12:46:01 INFO  Vehicle:17 - Initializing the vehicle
2018-02-07 12:46:01 INFO  Vehicle:17 - Initializing the vehicle
2018-02-07 12:46:08 INFO  Vehicle:17 - Initializing the vehicle
2018-02-07 12:46:19 ERROR Vehicle:27 - 
2018-02-07 12:46:20 ERROR Vehicle:27 - 
2018-02-07 12:46:21 ERROR Vehicle:27 - 
2018-02-07 12:46:22 ERROR Vehicle:27 - 
2018-02-07 12:46:23 ERROR Vehicle:27 - 
2018-02-07 12:46:30 INFO  Vehicle:17 - Initializing the vehicle
2018-02-07 12:46:30 INFO  Vehicle:17 - Initializing the vehicle
2018-02-07 12:46:40 INFO  Vehicle:17 - Initializing the vehicle
2018-02-07 12:46:57 ERROR Vehicle:27 - 
2018-02-07 12:46:58 ERROR Vehicle:27 - 
2018-02-07 12:46:59 ERROR Vehicle:27 - 
2018-02-07 12:47:00 ERROR Vehicle:27 - 
2018-02-07 12:47:01 ERROR Vehicle:27 - 
2018-02-07 12:47:02 ERROR Vehicle:27 - 
2018-02-07 12:47:03 ERROR Vehicle:27 - 
2018-02-07 12:47:04 ERROR Vehicle:27 - 
2018-02-07 12:47:05 ERROR Vehicle:27 - 
2018-02-07 12:47:06 ERROR Vehicle:27 - 
2018-02-07 12:47:07 ERROR Vehicle:27 - 
2018-02-07 12:47:08 ERROR Vehicle:27 - 
2018-02-07 12:47:09 ERROR Vehicle:27 - 
2018-02-07 12:47:10 ERROR Vehicle:27 - 
2018-02-07 12:47:11 ERROR Vehicle:27 - 
2018-02-07 12:47:12 ERROR Vehicle:27 - 
2018-02-07 12:47:13 ERROR Vehicle:27 - 
2018-02-07 12:48:26 INFO  Vehicle:17 - Initializing the vehicle
2018-02-07 12:48:26 INFO  Vehicle:17 - Initializing the vehicle
2018-02-07 12:48:36 INFO  VehicleManagerImpl:17 - vehicle found VehicleImpl{id=Id{uid=1}, direction=Vector{startPoint=Point{x=0, y=0}, endPoint=Point{x=5, y=0}}, movement=Vector{startPoint=Point{x=0, y=0}, endPoint=Point{x=50, y=0}}}
2018-02-07 12:48:36 ERROR Vehicle:27 - 
2018-02-07 12:48:37 ERROR Vehicle:27 - 
2018-02-07 12:48:38 ERROR Vehicle:27 - 
2018-02-07 12:48:39 ERROR Vehicle:27 - 
2018-02-07 12:48:40 ERROR Vehicle:27 - 
2018-02-07 12:49:27 INFO  Vehicle:17 - Initializing the vehicle
2018-02-07 12:49:27 INFO  Vehicle:17 - Initializing the vehicle
2018-02-07 12:49:36 INFO  VehicleManagerImpl:17 -  changing direction Id{uid=1}
2018-02-07 12:49:36 INFO  VehicleManagerImpl:17 - vehicle found VehicleImpl{id=Id{uid=1}, direction=Vector{startPoint=Point{x=0, y=0}, endPoint=Point{x=5, y=0}}, movement=Vector{startPoint=Point{x=0, y=0}, endPoint=Point{x=50, y=0}}}
2018-02-07 12:49:36 INFO  VehicleManagerImpl:17 -  changing direction null
2018-02-07 12:49:37 ERROR Vehicle:27 - 
2018-02-07 12:49:38 ERROR Vehicle:27 - 
2018-02-07 12:49:39 ERROR Vehicle:27 - 
2018-02-07 12:49:40 ERROR Vehicle:27 - 
2018-02-07 12:50:22 INFO  Vehicle:17 - Initializing the vehicle
2018-02-07 12:50:22 INFO  Vehicle:17 - Initializing the vehicle
2018-02-07 12:50:28 INFO  VehicleManagerImpl:17 -  changing is checking  Id{uid=1}
2018-02-07 12:50:28 INFO  VehicleManagerImpl:17 -  changing direction Id{uid=1}
2018-02-07 12:50:28 INFO  VehicleManagerImpl:17 - vehicle found VehicleImpl{id=Id{uid=1}, direction=Vector{startPoint=Point{x=0, y=0}, endPoint=Point{x=5, y=0}}, movement=Vector{startPoint=Point{x=0, y=0}, endPoint=Point{x=35, y=0}}}
2018-02-07 12:50:28 INFO  VehicleManagerImpl:17 -  changing is checking  null
2018-02-07 12:50:28 INFO  VehicleManagerImpl:17 -  changing direction null
2018-02-07 12:50:29 ERROR Vehicle:27 - 
2018-02-07 12:50:30 ERROR Vehicle:27 - 
2018-02-07 12:50:31 ERROR Vehicle:27 - 
2018-02-07 12:50:32 ERROR Vehicle:27 - 
2018-02-07 12:50:33 ERROR Vehicle:27 - 
2018-02-07 12:50:34 ERROR Vehicle:27 - 
2018-02-07 12:50:35 ERROR Vehicle:27 - 
2018-02-07 12:50:36 ERROR Vehicle:27 - 
2018-02-07 12:50:37 ERROR Vehicle:27 - 
2018-02-07 12:51:18 INFO  Vehicle:17 - Initializing the vehicle
2018-02-07 12:51:18 INFO  Vehicle:17 - Initializing the vehicle
2018-02-07 12:51:29 INFO  VehicleManagerImpl:17 -  changing is checking  null
2018-02-07 12:51:29 INFO  VehicleManagerImpl:17 -  changing direction null
2018-02-07 12:52:19 INFO  Vehicle:17 - Initializing the vehicle
2018-02-07 12:52:19 INFO  Vehicle:17 - Initializing the vehicle
2018-02-07 12:52:26 INFO  VehicleManagerImpl:17 -  changing is checking  null
2018-02-07 12:52:26 INFO  VehicleManagerImpl:17 -  changing direction null
2018-02-07 12:54:06 INFO  Vehicle:17 - Initializing the vehicle
2018-02-07 12:54:06 INFO  Vehicle:17 - Initializing the vehicle
2018-02-07 12:54:15 INFO  VehicleManagerImpl:17 -  changing is checking  Id{uid=1}
2018-02-07 12:54:15 INFO  VehicleManagerImpl:17 -  changing direction Id{uid=1}
2018-02-07 12:54:15 INFO  VehicleManagerImpl:17 - vehicle found VehicleImpl{id=Id{uid=1}, direction=Vector{startPoint=Point{x=0, y=0}, endPoint=Point{x=5, y=0}}, movement=Vector{startPoint=Point{x=0, y=0}, endPoint=Point{x=45, y=0}}}
2018-02-07 12:54:15 INFO  VehicleManagerImpl:17 -  changing is checking  null
2018-02-07 12:54:15 INFO  VehicleManagerImpl:17 -  changing direction null
2018-02-07 12:54:15 ERROR Vehicle:27 - 
2018-02-07 12:54:16 ERROR Vehicle:27 - 
2018-02-07 12:54:17 ERROR Vehicle:27 - 
2018-02-07 12:54:18 ERROR Vehicle:27 - 
2018-02-07 12:54:19 ERROR Vehicle:27 - 
2018-02-07 12:54:20 ERROR Vehicle:27 - 
2018-02-07 12:55:54 INFO  Vehicle:17 - Initializing the vehicle
2018-02-07 12:55:54 INFO  Vehicle:17 - Initializing the vehicle
2018-02-07 12:56:00 INFO  VehicleManagerImpl:17 -  changing is checking  Id{uid=1}
2018-02-07 12:56:00 INFO  VehicleManagerImpl:17 -  changing direction Id{uid=1}
2018-02-07 12:56:00 INFO  VehicleManagerImpl:17 - vehicle found VehicleImpl{id=Id{uid=1}, direction=Vector{startPoint=Point{x=0, y=0}, endPoint=Point{x=5, y=0}}, movement=Vector{startPoint=Point{x=0, y=0}, endPoint=Point{x=35, y=0}}}
2018-02-07 12:56:16 INFO  Vehicle:17 - Initializing the vehicle
2018-02-07 12:56:36 INFO  VehicleManagerImpl:17 -  changing is checking  Id{uid=3}
2018-02-07 12:56:36 INFO  VehicleManagerImpl:17 -  changing direction Id{uid=3}
2018-02-07 12:56:36 INFO  VehicleManagerImpl:17 - vehicle found VehicleImpl{id=Id{uid=3}, direction=Vector{startPoint=Point{x=0, y=0}, endPoint=Point{x=1, y=1}}, movement=Vector{startPoint=Point{x=0, y=0}, endPoint=Point{x=21, y=21}}}
2018-02-07 12:56:55 INFO  VehicleManagerImpl:17 -  changing is checking  Id{uid=3}
2018-02-07 12:56:55 INFO  VehicleManagerImpl:17 -  changing direction Id{uid=3}
2018-02-07 12:56:55 INFO  VehicleManagerImpl:17 - vehicle found VehicleImpl{id=Id{uid=3}, direction=Vector{startPoint=Point{x=0, y=0}, endPoint=Point{x=11, y=0}}, movement=Vector{startPoint=Point{x=0, y=0}, endPoint=Point{x=219, y=21}}}
2018-02-07 13:08:33 INFO  Vehicle:17 - Initializing the vehicle
2018-02-07 13:08:33 INFO  Vehicle:17 - Initializing the vehicle
2018-02-07 13:13:09 INFO  com.tba.main.Main:17 - ********************************************************************************************
2018-02-07 13:13:09 INFO  com.tba.main.Main:17 - ***  *********   *******  ***      ***  ******      ***        ***    ***    ***      ******
2018-02-07 13:13:09 INFO  com.tba.main.Main:17 - ****  *******  *  *****  ****  *******  ******  *******  ****  ***  *  *  *  ***  **********
2018-02-07 13:13:09 INFO  com.tba.main.Main:17 - *****  *****  ***  ***  *****     ****  ******  *******  ****  ***  **   **  ***     *******
2018-02-07 13:13:09 INFO  com.tba.main.Main:17 - ******  ***  *****  *  ******  *******  ******  *******  ****  ***  *******  ***  **********
2018-02-07 13:13:09 INFO  com.tba.main.Main:17 - *******  * ********   *******      ***      **      ***        ***  *******  ***      ******
2018-02-07 13:13:09 INFO  com.tba.main.Main:17 - ********************************************************************************************
2018-02-07 13:13:09 INFO  Vehicle:17 - Initializing the vehicle
2018-02-07 13:13:09 INFO  Vehicle:17 - Initializing the vehicle
2018-02-07 14:27:55 INFO  com.tba.main.Main:17 - ********************************************************************************************
2018-02-07 14:27:55 INFO  com.tba.main.Main:17 - ***  *********   *******  ***      ***  ******      ***        ***    ***    ***      ******
2018-02-07 14:27:55 INFO  com.tba.main.Main:17 - ****  *******  *  *****  ****  *******  ******  *******  ****  ***  *  *  *  ***  **********
2018-02-07 14:27:55 INFO  com.tba.main.Main:17 - *****  *****  ***  ***  *****     ****  ******  *******  ****  ***  **   **  ***     *******
2018-02-07 14:27:55 INFO  com.tba.main.Main:17 - ******  ***  *****  *  ******  *******  ******  *******  ****  ***  *******  ***  **********
2018-02-07 14:27:55 INFO  com.tba.main.Main:17 - *******  * ********   *******      ***      **      ***        ***  *******  ***      ******
2018-02-07 14:27:55 INFO  com.tba.main.Main:17 - ********************************************************************************************
2018-02-07 14:27:55 INFO  Vehicle:17 - Initializing the vehicle
2018-02-07 14:27:55 INFO  Vehicle:17 - Initializing the vehicle
2018-02-07 14:27:55 ERROR VehicleManagerImpl:27 - Image icon can not found
2018-02-07 14:32:07 INFO  Main:17 - ********************************************************************************************
2018-02-07 14:32:07 INFO  Main:17 - ***  *********   *******  ***      ***  ******      ***        ***    ***    ***      ******
2018-02-07 14:32:07 INFO  Main:17 - ****  *******  *  *****  ****  *******  ******  *******  ****  ***  *  *  *  ***  **********
2018-02-07 14:32:07 INFO  Main:17 - *****  *****  ***  ***  *****     ****  ******  *******  ****  ***  **   **  ***     *******
2018-02-07 14:32:07 INFO  Main:17 - ******  ***  *****  *  ******  *******  ******  *******  ****  ***  *******  ***  **********
2018-02-07 14:32:07 INFO  Main:17 - *******  * ********   *******      ***      **      ***        ***  *******  ***      ******
2018-02-07 14:32:07 INFO  Main:17 - ********************************************************************************************
2018-02-07 14:32:07 INFO  Vehicle:17 - Initializing the vehicle
2018-02-07 14:32:07 INFO  Vehicle:17 - Initializing the vehicle
2018-02-07 14:32:07 ERROR VehicleManagerImpl:27 - Image icon can not found
